

Started GET "/" for 127.0.0.1 at 2015-02-10 12:49:52 +0100
Processing by Rails::WelcomeController#index as HTML
  Rendered /usr/local/lib/ruby/gems/2.1.0/gems/railties-4.2.0/lib/rails/templates/rails/welcome/index.html.erb (9.1ms)
Completed 200 OK in 86ms (Views: 40.8ms | ActiveRecord: 0.0ms)
  [1m[36m (7.5ms)[0m  [1mCREATE TABLE "schema_migrations" ("version" varchar NOT NULL) [0m
  [1m[35m (0.2ms)[0m  select sqlite_version(*)
  [1m[36m (8.6ms)[0m  [1mCREATE UNIQUE INDEX "unique_schema_migrations" ON "schema_migrations" ("version")[0m
  [1m[35mActiveRecord::SchemaMigration Load (0.3ms)[0m  SELECT "schema_migrations".* FROM "schema_migrations"
Migrating to CreateUsers (20150210115026)
  [1m[36m (0.2ms)[0m  [1mbegin transaction[0m
  [1m[35m (1.4ms)[0m  CREATE TABLE "users" ("id" INTEGER PRIMARY KEY AUTOINCREMENT NOT NULL, "name" varchar, "email" varchar, "created_at" datetime NOT NULL, "updated_at" datetime NOT NULL) 
  [1m[36mSQL (0.8ms)[0m  [1mINSERT INTO "schema_migrations" ("version") VALUES (?)[0m  [["version", "20150210115026"]]
  [1m[35m (20.6ms)[0m  commit transaction
  [1m[36mActiveRecord::SchemaMigration Load (0.5ms)[0m  [1mSELECT "schema_migrations".* FROM "schema_migrations"[0m


Started GET "/users" for 127.0.0.1 at 2015-02-10 12:53:05 +0100
  [1m[36mActiveRecord::SchemaMigration Load (5.2ms)[0m  [1mSELECT "schema_migrations".* FROM "schema_migrations"[0m
Processing by UsersController#index as HTML
  [1m[35mUser Load (0.6ms)[0m  SELECT "users".* FROM "users"
  Rendered users/index.html.erb within layouts/application (9.9ms)
Completed 200 OK in 3176ms (Views: 3108.2ms | ActiveRecord: 0.9ms)


Started GET "/assets/scaffolds-16f179455558cf1644550cb9bd6f5604.css?body=1" for 127.0.0.1 at 2015-02-10 12:53:09 +0100


Started GET "/assets/application-3cb085dd8b08eb23d8ecd590a9685b16.css?body=1" for 127.0.0.1 at 2015-02-10 12:53:09 +0100


Started GET "/users/new" for 127.0.0.1 at 2015-02-10 12:53:15 +0100
Processing by UsersController#new as HTML
  Rendered users/_form.html.erb (80.6ms)
  Rendered users/new.html.erb within layouts/application (102.9ms)
Completed 200 OK in 299ms (Views: 271.9ms | ActiveRecord: 1.7ms)


Started POST "/users" for 127.0.0.1 at 2015-02-10 12:53:25 +0100
Processing by UsersController#create as HTML
  Parameters: {"utf8"=>"✓", "authenticity_token"=>"NRA8DhM1CyI47KjxX2D2lUrPQunPdAuDDhX4HGle3VMxQ7YterFhncrJGmePr4H/bvzC5hZcE8131cjYPHbacg==", "user"=>{"name"=>"da", "email"=>"caucricity@gmail.com"}, "commit"=>"Create User"}
  [1m[36m (0.3ms)[0m  [1mbegin transaction[0m
  [1m[35mSQL (0.6ms)[0m  INSERT INTO "users" ("name", "email", "created_at", "updated_at") VALUES (?, ?, ?, ?)  [["name", "da"], ["email", "caucricity@gmail.com"], ["created_at", "2015-02-10 11:53:25.900601"], ["updated_at", "2015-02-10 11:53:25.900601"]]
  [1m[36m (2.0ms)[0m  [1mcommit transaction[0m
Redirected to http://localhost:3000/users/1
Completed 302 Found in 15ms (ActiveRecord: 3.0ms)


Started GET "/users/1" for 127.0.0.1 at 2015-02-10 12:53:26 +0100
Processing by UsersController#show as HTML
  Parameters: {"id"=>"1"}
  [1m[35mUser Load (1.3ms)[0m  SELECT  "users".* FROM "users" WHERE "users"."id" = ? LIMIT 1  [["id", 1]]
  Rendered users/show.html.erb within layouts/application (4.7ms)
Completed 200 OK in 318ms (Views: 260.2ms | ActiveRecord: 1.3ms)


Started GET "/users" for 127.0.0.1 at 2015-02-10 12:53:28 +0100
Processing by UsersController#index as HTML
  [1m[36mUser Load (2.6ms)[0m  [1mSELECT "users".* FROM "users"[0m
  Rendered users/index.html.erb within layouts/application (5.8ms)
Completed 200 OK in 188ms (Views: 184.2ms | ActiveRecord: 2.6ms)
  [1m[36mActiveRecord::SchemaMigration Load (0.1ms)[0m  [1mSELECT "schema_migrations".* FROM "schema_migrations"[0m
Migrating to CreateMicroposts (20150210120554)
  [1m[35m (0.2ms)[0m  begin transaction
  [1m[36m (1.4ms)[0m  [1mCREATE TABLE "microposts" ("id" INTEGER PRIMARY KEY AUTOINCREMENT NOT NULL, "content" varchar, "user_id" integer, "created_at" datetime NOT NULL, "updated_at" datetime NOT NULL) [0m
  [1m[35mSQL (0.7ms)[0m  INSERT INTO "schema_migrations" ("version") VALUES (?)  [["version", "20150210120554"]]
  [1m[36m (6.7ms)[0m  [1mcommit transaction[0m
  [1m[35mActiveRecord::SchemaMigration Load (0.5ms)[0m  SELECT "schema_migrations".* FROM "schema_migrations"


Started GET "/microposts" for 127.0.0.1 at 2015-02-10 13:08:16 +0100
  [1m[36mActiveRecord::SchemaMigration Load (0.4ms)[0m  [1mSELECT "schema_migrations".* FROM "schema_migrations"[0m
Processing by MicropostsController#index as HTML
Completed 500 Internal Server Error in 39ms

ArgumentError (wrong number of arguments (0 for 1..2)):
  app/models/micropost.rb:2:in `<class:Micropost>'
  app/models/micropost.rb:1:in `<top (required)>'
  app/controllers/microposts_controller.rb:7:in `index'


  Rendered /usr/local/lib/ruby/gems/2.1.0/gems/web-console-2.0.0/lib/action_dispatch/templates/rescues/_source.erb (24.4ms)
  Rendered /usr/local/lib/ruby/gems/2.1.0/gems/web-console-2.0.0/lib/action_dispatch/templates/rescues/_trace.html.erb (9.2ms)
  Rendered /usr/local/lib/ruby/gems/2.1.0/gems/web-console-2.0.0/lib/action_dispatch/templates/rescues/_request_and_response.html.erb (2.7ms)
  Rendered /usr/local/lib/ruby/gems/2.1.0/gems/web-console-2.0.0/lib/action_dispatch/templates/rescues/_web_console.html.erb (6.5ms)
  Rendered /usr/local/lib/ruby/gems/2.1.0/gems/web-console-2.0.0/lib/action_dispatch/templates/rescues/diagnostics.html.erb within rescues/layout (126.0ms)


Started GET "/microposts" for 127.0.0.1 at 2015-02-10 13:09:40 +0100
  [1m[36mActiveRecord::SchemaMigration Load (0.4ms)[0m  [1mSELECT "schema_migrations".* FROM "schema_migrations"[0m
Processing by MicropostsController#index as HTML
  [1m[35mMicropost Load (1.8ms)[0m  SELECT "microposts".* FROM "microposts"
  Rendered microposts/index.html.erb within layouts/application (9.9ms)
Completed 200 OK in 3283ms (Views: 3208.9ms | ActiveRecord: 2.2ms)


Started GET "/assets/microposts-64e62ddc273c2f5847f30d698ca14b67.css?body=1" for 127.0.0.1 at 2015-02-10 13:09:45 +0100


Started GET "/assets/microposts-fcec5b5a277ac7c20cc9f45a209a3bcd.js?body=1" for 127.0.0.1 at 2015-02-10 13:09:45 +0100


Started GET "/microposts/new" for 127.0.0.1 at 2015-02-10 13:10:06 +0100
Processing by MicropostsController#new as HTML
  Rendered microposts/_form.html.erb (82.3ms)
  Rendered microposts/new.html.erb within layouts/application (104.4ms)
Completed 200 OK in 312ms (Views: 296.8ms | ActiveRecord: 0.8ms)


Started GET "/microposts" for 127.0.0.1 at 2015-02-10 13:10:13 +0100
Processing by MicropostsController#index as HTML
  [1m[36mMicropost Load (0.3ms)[0m  [1mSELECT "microposts".* FROM "microposts"[0m
  Rendered microposts/index.html.erb within layouts/application (6.7ms)
Completed 200 OK in 341ms (Views: 338.1ms | ActiveRecord: 0.3ms)


Started GET "/microposts/new" for 127.0.0.1 at 2015-02-10 13:10:14 +0100
Processing by MicropostsController#new as HTML
  Rendered microposts/_form.html.erb (18.7ms)
  Rendered microposts/new.html.erb within layouts/application (34.6ms)
Completed 200 OK in 671ms (Views: 662.3ms | ActiveRecord: 0.0ms)


Started POST "/microposts" for 127.0.0.1 at 2015-02-10 13:10:24 +0100
Processing by MicropostsController#create as HTML
  Parameters: {"utf8"=>"✓", "authenticity_token"=>"PAWmhl9HJmqwD7N3E6pDWCRZKXEZvWTEZFN5wADrC2M4ViylNsNM1UIqAeHDZTQyAGqpfsCVfIodk0kEVcMMQg==", "micropost"=>{"content"=>"aaaaaaaaaaaaaaaaaaaaaaaaaaaaaaaaaaaaaaaaaaaaaaaaaaaaaaaaaaaaaaaaaa", "user_id"=>"1"}, "commit"=>"Create Micropost"}
  [1m[35m (0.7ms)[0m  begin transaction
  [1m[36mSQL (2.0ms)[0m  [1mINSERT INTO "microposts" ("content", "user_id", "created_at", "updated_at") VALUES (?, ?, ?, ?)[0m  [["content", "aaaaaaaaaaaaaaaaaaaaaaaaaaaaaaaaaaaaaaaaaaaaaaaaaaaaaaaaaaaaaaaaaa"], ["user_id", 1], ["created_at", "2015-02-10 12:10:24.086851"], ["updated_at", "2015-02-10 12:10:24.086851"]]
  [1m[35m (17.0ms)[0m  commit transaction
Redirected to http://localhost:3000/microposts/1
Completed 302 Found in 64ms (ActiveRecord: 19.8ms)


Started GET "/microposts/1" for 127.0.0.1 at 2015-02-10 13:10:24 +0100
Processing by MicropostsController#show as HTML
  Parameters: {"id"=>"1"}
  [1m[36mMicropost Load (2.9ms)[0m  [1mSELECT  "microposts".* FROM "microposts" WHERE "microposts"."id" = ? LIMIT 1[0m  [["id", 1]]
  Rendered microposts/show.html.erb within layouts/application (4.9ms)
Completed 200 OK in 823ms (Views: 745.0ms | ActiveRecord: 2.9ms)


Started GET "/microposts" for 127.0.0.1 at 2015-02-10 13:10:28 +0100
Processing by MicropostsController#index as HTML
  [1m[35mMicropost Load (0.9ms)[0m  SELECT "microposts".* FROM "microposts"
  Rendered microposts/index.html.erb within layouts/application (28.3ms)
Completed 200 OK in 369ms (Views: 365.7ms | ActiveRecord: 0.9ms)


Started GET "/microposts/new" for 127.0.0.1 at 2015-02-10 13:10:33 +0100
Processing by MicropostsController#new as HTML
  Rendered microposts/_form.html.erb (18.9ms)
  Rendered microposts/new.html.erb within layouts/application (32.3ms)
Completed 200 OK in 442ms (Views: 440.1ms | ActiveRecord: 0.0ms)


Started POST "/microposts" for 127.0.0.1 at 2015-02-10 13:11:03 +0100
Processing by MicropostsController#create as HTML
  Parameters: {"utf8"=>"✓", "authenticity_token"=>"gk2KbJVWHow4R6pa9oOCapskj8LHHip5z8dCuosG2yaGHgBP/NJ0M8piGMwmTPUAvxcPzR42Mje2B3J+3i7cBw==", "micropost"=>{"content"=>"aaaaaaaaaaaaaaaaaaaaaaaaaaaaaaaaaaaaaaaaaaaaaaaaaaaaaaaaaaaaaaaaaaaaaaaaaaaaaaaaaaaaaaaaaaaaaaaaaaaaaaaaaaaaaaaaaaaaaaaaaaaaaaaaaaaaaaaaaaaaaaaaaaaaaaaaaaaaaaaaaaaaaaaaaaaaaaaaaaaaaaaaaaaaaaaaaaaaaaaaaaaaaaaaaaaaaaaaaaaaaaaaaaaaaaaaaaaaaaaaaaaaaaaaaaaaaaaaaaaaaaaaaaaaaaaaaaaaaaaaaaaaaaaaaaaaaaaaaaaaaaaaaaaaaaaaaaaaaaaaaaaaaaaaaaaaaaaaaaaaaaaaaaaaaaaaaaaaaaaaaaaaaaaaaaaaaaaaaaaaaaaaaaaaaaaaaaaaaaaaaaaaaaaaaaaaaaaaaaaaaaaaaaaaaaaaaaaaaaaaaaaaaaaaaaaaaaaaaaaaaaaaaaaaaaaaaaaaaaaaaaaaaaaaaaaaaaa", "user_id"=>"1"}, "commit"=>"Create Micropost"}
  [1m[36m (0.3ms)[0m  [1mbegin transaction[0m
  [1m[35m (0.4ms)[0m  rollback transaction
  Rendered microposts/_form.html.erb (20.3ms)
  Rendered microposts/new.html.erb within layouts/application (31.9ms)
Completed 200 OK in 309ms (Views: 271.9ms | ActiveRecord: 0.6ms)


Started GET "/microposts" for 127.0.0.1 at 2015-02-10 13:11:07 +0100
Processing by MicropostsController#index as HTML
  [1m[36mMicropost Load (0.2ms)[0m  [1mSELECT "microposts".* FROM "microposts"[0m
  Rendered microposts/index.html.erb within layouts/application (1.6ms)
Completed 200 OK in 251ms (Views: 248.3ms | ActiveRecord: 0.2ms)


Started GET "/microposts" for 127.0.0.1 at 2015-02-10 13:12:58 +0100
  [1m[36mActiveRecord::SchemaMigration Load (0.5ms)[0m  [1mSELECT "schema_migrations".* FROM "schema_migrations"[0m
Processing by MicropostsController#index as HTML
  [1m[35mMicropost Load (0.7ms)[0m  SELECT "microposts".* FROM "microposts"
  Rendered microposts/index.html.erb within layouts/application (25.6ms)
Completed 200 OK in 586ms (Views: 528.1ms | ActiveRecord: 2.0ms)
  [1m[36mUser Load (0.5ms)[0m  [1mSELECT  "users".* FROM "users"  ORDER BY "users"."id" ASC LIMIT 1[0m
  [1m[35mMicropost Load (1.0ms)[0m  SELECT "microposts".* FROM "microposts" WHERE "microposts"."user_id" = ?  [["user_id", 1]]
