  [1m[36m (9.5ms)[0m  [1mCREATE TABLE "schema_migrations" ("version" varchar NOT NULL) [0m
  [1m[35m (0.2ms)[0m  select sqlite_version(*)
  [1m[36m (7.4ms)[0m  [1mCREATE UNIQUE INDEX "unique_schema_migrations" ON "schema_migrations" ("version")[0m
  [1m[35mActiveRecord::SchemaMigration Load (0.3ms)[0m  SELECT "schema_migrations".* FROM "schema_migrations"
Migrating to CreatePosts (20150206202702)
  [1m[36m (0.2ms)[0m  [1mbegin transaction[0m
  [1m[35m (1.1ms)[0m  CREATE TABLE "posts" ("id" INTEGER PRIMARY KEY AUTOINCREMENT NOT NULL, "title" varchar, "autor" varchar, "text" text, "created_at" datetime NOT NULL, "updated_at" datetime NOT NULL) 
  [1m[36mSQL (0.6ms)[0m  [1mINSERT INTO "schema_migrations" ("version") VALUES (?)[0m  [["version", "20150206202702"]]
  [1m[35m (6.5ms)[0m  commit transaction
Migrating to CreateComments (20150206202729)
  [1m[36m (0.2ms)[0m  [1mbegin transaction[0m
  [1m[35m (1.0ms)[0m  CREATE TABLE "comments" ("id" INTEGER PRIMARY KEY AUTOINCREMENT NOT NULL, "post_id" integer, "text" text, "created_at" datetime NOT NULL, "updated_at" datetime NOT NULL) 
  [1m[36mSQL (0.5ms)[0m  [1mINSERT INTO "schema_migrations" ("version") VALUES (?)[0m  [["version", "20150206202729"]]
  [1m[35m (6.4ms)[0m  commit transaction
  [1m[36mActiveRecord::SchemaMigration Load (0.4ms)[0m  [1mSELECT "schema_migrations".* FROM "schema_migrations"[0m


Started GET "/posts/" for 127.0.0.1 at 2015-02-06 21:29:05 +0100
  [1m[36mActiveRecord::SchemaMigration Load (0.9ms)[0m  [1mSELECT "schema_migrations".* FROM "schema_migrations"[0m
Processing by PostsController#index as HTML
  [1m[35mPost Load (0.4ms)[0m  SELECT "posts".* FROM "posts"
  Rendered posts/index.html.erb within layouts/application (11.6ms)
Completed 200 OK in 3951ms (Views: 3897.9ms | ActiveRecord: 0.7ms)


Started GET "/assets/scaffolds-c3bf5cf560dc827cc47ef7fa1dd63f48.css?body=1" for 127.0.0.1 at 2015-02-06 21:29:10 +0100


Started GET "/assets/application-c2517f05d63fc6bd0b4b2af582fb767a.css?body=1" for 127.0.0.1 at 2015-02-06 21:29:10 +0100


Started GET "/posts/" for 127.0.0.1 at 2015-02-06 21:31:01 +0100
Processing by PostsController#index as HTML
  [1m[36mPost Load (0.8ms)[0m  [1mSELECT "posts".* FROM "posts"[0m
  Rendered posts/index.html.erb within layouts/application (13.0ms)
Completed 200 OK in 222ms (Views: 218.0ms | ActiveRecord: 0.8ms)


Started GET "/posts/" for 127.0.0.1 at 2015-02-06 21:31:04 +0100
Processing by PostsController#index as HTML
  [1m[35mPost Load (0.8ms)[0m  SELECT "posts".* FROM "posts"
  Rendered posts/index.html.erb within layouts/application (10.1ms)
Completed 200 OK in 204ms (Views: 199.7ms | ActiveRecord: 0.8ms)


Started GET "/posts/" for 127.0.0.1 at 2015-02-06 21:31:45 +0100
  [1m[36mActiveRecord::SchemaMigration Load (0.3ms)[0m  [1mSELECT "schema_migrations".* FROM "schema_migrations"[0m
Processing by PostsController#index as HTML
  [1m[35mPost Load (0.4ms)[0m  SELECT "posts".* FROM "posts"
  Rendered posts/index.html.erb within layouts/application (8.4ms)
Completed 200 OK in 334ms (Views: 315.8ms | ActiveRecord: 0.8ms)


Started GET "/posts/new" for 127.0.0.1 at 2015-02-06 21:31:48 +0100
Processing by PostsController#new as HTML
  Rendered posts/_form.html.erb (99.8ms)
  Rendered posts/new.html.erb within layouts/application (105.7ms)
Completed 200 OK in 207ms (Views: 200.0ms | ActiveRecord: 0.4ms)


Started POST "/posts" for 127.0.0.1 at 2015-02-06 21:32:08 +0100
Processing by PostsController#create as HTML
  Parameters: {"utf8"=>"✓", "authenticity_token"=>"3HDOyIYGJXefO9Nbv+VEnmNZcu5fWt/brhIDW2GC0H/B8TvRg4I7LAYeE0kzGBP56pg5YV1nEdsEic3w3sovHg==", "post"=>{"title"=>"Welcome", "autor"=>"Reda", "text"=>"This is a test"}, "commit"=>"Create Post"}
  [1m[36m (0.4ms)[0m  [1mbegin transaction[0m
  [1m[35mSQL (0.5ms)[0m  INSERT INTO "posts" ("title", "autor", "text", "created_at", "updated_at") VALUES (?, ?, ?, ?, ?)  [["title", "Welcome"], ["autor", "Reda"], ["text", "This is a test"], ["created_at", "2015-02-06 20:32:08.945339"], ["updated_at", "2015-02-06 20:32:08.945339"]]
  [1m[36m (30.7ms)[0m  [1mcommit transaction[0m
Redirected to http://localhost:3000/posts/1
Completed 302 Found in 44ms (ActiveRecord: 31.6ms)


Started GET "/posts/1" for 127.0.0.1 at 2015-02-06 21:32:09 +0100
Processing by PostsController#show as HTML
  Parameters: {"id"=>"1"}
  [1m[35mPost Load (0.8ms)[0m  SELECT  "posts".* FROM "posts" WHERE "posts"."id" = ? LIMIT 1  [["id", 1]]
  Rendered posts/show.html.erb within layouts/application (2.7ms)
Completed 200 OK in 290ms (Views: 268.5ms | ActiveRecord: 0.8ms)


Started GET "/posts" for 127.0.0.1 at 2015-02-06 21:32:12 +0100
Processing by PostsController#index as HTML
  [1m[36mPost Load (0.3ms)[0m  [1mSELECT "posts".* FROM "posts"[0m
  Rendered posts/index.html.erb within layouts/application (2.5ms)
Completed 200 OK in 159ms (Views: 157.5ms | ActiveRecord: 0.3ms)


Started GET "/posts/1" for 127.0.0.1 at 2015-02-06 21:32:14 +0100
Processing by PostsController#show as HTML
  Parameters: {"id"=>"1"}
  [1m[35mPost Load (0.1ms)[0m  SELECT  "posts".* FROM "posts" WHERE "posts"."id" = ? LIMIT 1  [["id", 1]]
  Rendered posts/show.html.erb within layouts/application (1.2ms)
Completed 200 OK in 155ms (Views: 153.9ms | ActiveRecord: 0.1ms)


Started GET "/posts" for 127.0.0.1 at 2015-02-06 21:32:16 +0100
Processing by PostsController#index as HTML
  [1m[36mPost Load (0.6ms)[0m  [1mSELECT "posts".* FROM "posts"[0m
  Rendered posts/index.html.erb within layouts/application (2.4ms)
Completed 200 OK in 163ms (Views: 160.9ms | ActiveRecord: 0.6ms)


Started GET "/posts/1" for 127.0.0.1 at 2015-02-06 21:33:16 +0100
Processing by PostsController#show as HTML
  Parameters: {"id"=>"1"}
  [1m[35mPost Load (0.2ms)[0m  SELECT  "posts".* FROM "posts" WHERE "posts"."id" = ? LIMIT 1  [["id", 1]]
  Rendered posts/show.html.erb within layouts/application (0.5ms)
Completed 200 OK in 214ms (Views: 211.3ms | ActiveRecord: 0.2ms)


Started GET "/posts/new" for 127.0.0.1 at 2015-02-06 21:33:23 +0100
Processing by PostsController#new as HTML
  Rendered posts/_form.html.erb (2.6ms)
  Rendered posts/new.html.erb within layouts/application (5.0ms)
Completed 200 OK in 194ms (Views: 193.4ms | ActiveRecord: 0.0ms)


Started GET "/posts" for 127.0.0.1 at 2015-02-06 21:34:39 +0100
Processing by PostsController#index as HTML
  Rendered posts/index.html.erb within layouts/application (2.1ms)
Completed 500 Internal Server Error in 9ms

SyntaxError (/home/da/Work/royce/app/views/posts/index.html.erb:7: syntax error, unexpected ')', expecting '='
...fer.append=( post.autor, post );@output_buffer.safe_append='...
...                               ^
/home/da/Work/royce/app/views/posts/index.html.erb:11: syntax error, unexpected keyword_end, expecting ')'
'.freeze; end 
             ^
/home/da/Work/royce/app/views/posts/index.html.erb:17: syntax error, unexpected keyword_ensure, expecting ')'
/home/da/Work/royce/app/views/posts/index.html.erb:19: syntax error, unexpected keyword_end, expecting ')'):
  app/views/posts/index.html.erb:7: syntax error, unexpected ')', expecting '='
  app/views/posts/index.html.erb:11: syntax error, unexpected keyword_end, expecting ')'
  app/views/posts/index.html.erb:17: syntax error, unexpected keyword_ensure, expecting ')'
  app/views/posts/index.html.erb:19: syntax error, unexpected keyword_end, expecting ')'


  Rendered /usr/local/lib/ruby/gems/2.1.0/gems/web-console-2.0.0/lib/action_dispatch/templates/rescues/_source.erb (28.9ms)
  Rendered /usr/local/lib/ruby/gems/2.1.0/gems/web-console-2.0.0/lib/action_dispatch/templates/rescues/_trace.html.erb (11.9ms)
  Rendered /usr/local/lib/ruby/gems/2.1.0/gems/web-console-2.0.0/lib/action_dispatch/templates/rescues/_request_and_response.html.erb (5.1ms)
  Rendered /usr/local/lib/ruby/gems/2.1.0/gems/web-console-2.0.0/lib/action_dispatch/templates/rescues/_web_console.html.erb (4.8ms)
  Rendered /usr/local/lib/ruby/gems/2.1.0/gems/web-console-2.0.0/lib/action_dispatch/templates/rescues/diagnostics.html.erb within rescues/layout (113.3ms)


Started GET "/posts" for 127.0.0.1 at 2015-02-06 21:34:41 +0100
Processing by PostsController#index as HTML
  Rendered posts/index.html.erb within layouts/application (4.0ms)
Completed 500 Internal Server Error in 13ms

SyntaxError (/home/da/Work/royce/app/views/posts/index.html.erb:7: syntax error, unexpected ')', expecting '='
...fer.append=( post.autor, post );@output_buffer.safe_append='...
...                               ^
/home/da/Work/royce/app/views/posts/index.html.erb:11: syntax error, unexpected keyword_end, expecting ')'
'.freeze; end 
             ^
/home/da/Work/royce/app/views/posts/index.html.erb:17: syntax error, unexpected keyword_ensure, expecting ')'
/home/da/Work/royce/app/views/posts/index.html.erb:19: syntax error, unexpected keyword_end, expecting ')'):
  app/views/posts/index.html.erb:7: syntax error, unexpected ')', expecting '='
  app/views/posts/index.html.erb:11: syntax error, unexpected keyword_end, expecting ')'
  app/views/posts/index.html.erb:17: syntax error, unexpected keyword_ensure, expecting ')'
  app/views/posts/index.html.erb:19: syntax error, unexpected keyword_end, expecting ')'


  Rendered /usr/local/lib/ruby/gems/2.1.0/gems/web-console-2.0.0/lib/action_dispatch/templates/rescues/_source.erb (26.1ms)
  Rendered /usr/local/lib/ruby/gems/2.1.0/gems/web-console-2.0.0/lib/action_dispatch/templates/rescues/_trace.html.erb (9.9ms)
  Rendered /usr/local/lib/ruby/gems/2.1.0/gems/web-console-2.0.0/lib/action_dispatch/templates/rescues/_request_and_response.html.erb (3.7ms)
  Rendered /usr/local/lib/ruby/gems/2.1.0/gems/web-console-2.0.0/lib/action_dispatch/templates/rescues/_web_console.html.erb (3.7ms)
  Rendered /usr/local/lib/ruby/gems/2.1.0/gems/web-console-2.0.0/lib/action_dispatch/templates/rescues/diagnostics.html.erb within rescues/layout (98.4ms)


Started GET "/posts" for 127.0.0.1 at 2015-02-06 21:35:09 +0100
Processing by PostsController#index as HTML
  [1m[36mPost Load (0.4ms)[0m  [1mSELECT "posts".* FROM "posts"[0m
  Rendered posts/index.html.erb within layouts/application (5.4ms)
Completed 200 OK in 152ms (Views: 150.0ms | ActiveRecord: 0.4ms)


Started GET "/posts" for 127.0.0.1 at 2015-02-06 21:35:24 +0100
Processing by PostsController#index as HTML
  [1m[35mPost Load (0.4ms)[0m  SELECT "posts".* FROM "posts"
  Rendered posts/index.html.erb within layouts/application (10.1ms)
Completed 200 OK in 170ms (Views: 168.1ms | ActiveRecord: 0.4ms)


Started GET "/posts" for 127.0.0.1 at 2015-02-06 21:35:53 +0100
Processing by PostsController#index as HTML
  [1m[36mPost Load (0.2ms)[0m  [1mSELECT "posts".* FROM "posts"[0m
  Rendered posts/index.html.erb within layouts/application (6.6ms)
Completed 200 OK in 118ms (Views: 116.6ms | ActiveRecord: 0.2ms)


Started GET "/posts/new" for 127.0.0.1 at 2015-02-06 21:36:21 +0100
Processing by PostsController#new as HTML
  Rendered posts/_form.html.erb (3.4ms)
  Rendered posts/new.html.erb within layouts/application (5.3ms)
Completed 200 OK in 170ms (Views: 168.8ms | ActiveRecord: 0.0ms)


Started POST "/posts" for 127.0.0.1 at 2015-02-06 21:36:33 +0100
Processing by PostsController#create as HTML
  Parameters: {"utf8"=>"✓", "authenticity_token"=>"C/q+/WkJZwMwBxcVKrmfB2q4aQPbbdDyE29z5x2nU3QWe0vkbI15WKki1wemRMhg43kijNlQHvK59L1Mou+sFQ==", "post"=>{"title"=>"bonjour", "autor"=>"BIBI", "text"=>"nice"}, "commit"=>"Create Post"}
  [1m[35m (0.1ms)[0m  begin transaction
  [1m[36mSQL (0.4ms)[0m  [1mINSERT INTO "posts" ("title", "autor", "text", "created_at", "updated_at") VALUES (?, ?, ?, ?, ?)[0m  [["title", "bonjour"], ["autor", "BIBI"], ["text", "nice"], ["created_at", "2015-02-06 20:36:33.282383"], ["updated_at", "2015-02-06 20:36:33.282383"]]
  [1m[35m (8.8ms)[0m  commit transaction
Redirected to http://localhost:3000/posts/2
Completed 302 Found in 15ms (ActiveRecord: 9.3ms)


Started GET "/posts/2" for 127.0.0.1 at 2015-02-06 21:36:33 +0100
Processing by PostsController#show as HTML
  Parameters: {"id"=>"2"}
  [1m[36mPost Load (0.6ms)[0m  [1mSELECT  "posts".* FROM "posts" WHERE "posts"."id" = ? LIMIT 1[0m  [["id", 2]]
  Rendered posts/show.html.erb within layouts/application (0.9ms)
Completed 200 OK in 198ms (Views: 193.4ms | ActiveRecord: 0.6ms)


Started GET "/posts" for 127.0.0.1 at 2015-02-06 21:36:35 +0100
Processing by PostsController#index as HTML
  [1m[35mPost Load (0.2ms)[0m  SELECT "posts".* FROM "posts"
  Rendered posts/index.html.erb within layouts/application (2.1ms)
Completed 200 OK in 164ms (Views: 162.9ms | ActiveRecord: 0.2ms)


Started GET "/posts/2" for 127.0.0.1 at 2015-02-06 21:37:34 +0100
Processing by PostsController#show as HTML
  Parameters: {"id"=>"2"}
  [1m[36mPost Load (0.3ms)[0m  [1mSELECT  "posts".* FROM "posts" WHERE "posts"."id" = ? LIMIT 1[0m  [["id", 2]]
  Rendered posts/show.html.erb within layouts/application (0.9ms)
Completed 200 OK in 146ms (Views: 143.7ms | ActiveRecord: 0.3ms)


Started GET "/posts/new" for 127.0.0.1 at 2015-02-06 21:37:38 +0100
Processing by PostsController#new as HTML
  Rendered posts/_form.html.erb (2.9ms)
  Rendered posts/new.html.erb within layouts/application (4.8ms)
Completed 200 OK in 160ms (Views: 157.4ms | ActiveRecord: 0.0ms)


Started GET "/posts" for 127.0.0.1 at 2015-02-06 21:37:41 +0100
Processing by PostsController#index as HTML
  [1m[35mPost Load (0.2ms)[0m  SELECT "posts".* FROM "posts"
  Rendered posts/index.html.erb within layouts/application (2.2ms)
Completed 200 OK in 198ms (Views: 197.0ms | ActiveRecord: 0.2ms)


Started GET "/posts/new" for 127.0.0.1 at 2015-02-06 21:37:44 +0100
Processing by PostsController#new as HTML
  Rendered posts/_form.html.erb (3.1ms)
  Rendered posts/new.html.erb within layouts/application (5.1ms)
Completed 200 OK in 136ms (Views: 135.1ms | ActiveRecord: 0.0ms)


Started POST "/posts" for 127.0.0.1 at 2015-02-06 21:37:50 +0100
Processing by PostsController#create as HTML
  Parameters: {"utf8"=>"✓", "authenticity_token"=>"M1Amo/H+CqI4METK1lKYQ1jFbb08EMOcX7GAuZPCKWEu0dO69HoU+aEVhNhar88k0QQmMj4tDZz1Kk4SLIrWAA==", "post"=>{"title"=>"sss", "autor"=>"ss", "text"=>"sss"}, "commit"=>"Create Post"}
  [1m[36m (0.2ms)[0m  [1mbegin transaction[0m
  [1m[35mSQL (0.3ms)[0m  INSERT INTO "posts" ("title", "autor", "text", "created_at", "updated_at") VALUES (?, ?, ?, ?, ?)  [["title", "sss"], ["autor", "ss"], ["text", "sss"], ["created_at", "2015-02-06 20:37:50.924927"], ["updated_at", "2015-02-06 20:37:50.924927"]]
  [1m[36m (5.4ms)[0m  [1mcommit transaction[0m
Redirected to http://localhost:3000/posts/3
Completed 302 Found in 12ms (ActiveRecord: 5.9ms)


Started GET "/posts/3" for 127.0.0.1 at 2015-02-06 21:37:51 +0100
Processing by PostsController#show as HTML
  Parameters: {"id"=>"3"}
  [1m[35mPost Load (0.5ms)[0m  SELECT  "posts".* FROM "posts" WHERE "posts"."id" = ? LIMIT 1  [["id", 3]]
  Rendered posts/show.html.erb within layouts/application (1.5ms)
Completed 200 OK in 172ms (Views: 167.3ms | ActiveRecord: 0.5ms)


Started GET "/posts" for 127.0.0.1 at 2015-02-06 21:37:55 +0100
Processing by PostsController#index as HTML
  [1m[36mPost Load (0.3ms)[0m  [1mSELECT "posts".* FROM "posts"[0m
  Rendered posts/index.html.erb within layouts/application (2.6ms)
Completed 200 OK in 153ms (Views: 152.0ms | ActiveRecord: 0.3ms)


Started GET "/posts/1" for 127.0.0.1 at 2015-02-06 21:38:35 +0100
Processing by PostsController#show as HTML
  Parameters: {"id"=>"1"}
  [1m[35mPost Load (0.2ms)[0m  SELECT  "posts".* FROM "posts" WHERE "posts"."id" = ? LIMIT 1  [["id", 1]]
  Rendered posts/show.html.erb within layouts/application (1.7ms)
Completed 200 OK in 195ms (Views: 193.3ms | ActiveRecord: 0.2ms)


Started GET "/posts/3" for 127.0.0.1 at 2015-02-06 21:38:39 +0100
Processing by PostsController#show as HTML
  Parameters: {"id"=>"3"}
  [1m[36mPost Load (0.1ms)[0m  [1mSELECT  "posts".* FROM "posts" WHERE "posts"."id" = ? LIMIT 1[0m  [["id", 3]]
  Rendered posts/show.html.erb within layouts/application (0.6ms)
Completed 200 OK in 99ms (Views: 97.0ms | ActiveRecord: 0.1ms)


Started DELETE "/posts/3" for 127.0.0.1 at 2015-02-06 21:38:41 +0100
Processing by PostsController#destroy as HTML
  Parameters: {"authenticity_token"=>"d83kxFfL3P8XB5M06AkPQE12syApnMYjZEsj+asoB5lqTBHdUk/CpI4iUyZk9FgnxLf4ryuhCCPO0O1SFGD4+A==", "id"=>"3"}
  [1m[35mPost Load (0.2ms)[0m  SELECT  "posts".* FROM "posts" WHERE "posts"."id" = ? LIMIT 1  [["id", 3]]
  [1m[36m (0.1ms)[0m  [1mbegin transaction[0m
  [1m[35mSQL (0.3ms)[0m  DELETE FROM "posts" WHERE "posts"."id" = ?  [["id", 3]]
  [1m[36m (2.9ms)[0m  [1mcommit transaction[0m
Redirected to http://localhost:3000/posts
Completed 302 Found in 8ms (ActiveRecord: 3.5ms)


Started GET "/posts" for 127.0.0.1 at 2015-02-06 21:38:41 +0100
Processing by PostsController#index as HTML
  [1m[35mPost Load (0.7ms)[0m  SELECT "posts".* FROM "posts"
  Rendered posts/index.html.erb within layouts/application (5.3ms)
Completed 200 OK in 243ms (Views: 210.7ms | ActiveRecord: 0.7ms)


Started GET "/posts" for 127.0.0.1 at 2015-02-06 21:44:00 +0100
  [1m[36mActiveRecord::SchemaMigration Load (0.7ms)[0m  [1mSELECT "schema_migrations".* FROM "schema_migrations"[0m
Processing by PostsController#index as HTML
  [1m[35mPost Load (0.5ms)[0m  SELECT "posts".* FROM "posts"
  Rendered posts/index.html.erb within layouts/application (46.9ms)
Completed 200 OK in 447ms (Views: 401.6ms | ActiveRecord: 1.7ms)


Started GET "/posts" for 127.0.0.1 at 2015-02-06 21:44:34 +0100
  [1m[36mActiveRecord::SchemaMigration Load (0.4ms)[0m  [1mSELECT "schema_migrations".* FROM "schema_migrations"[0m
Processing by PostsController#index as HTML
  [1m[35mPost Load (0.8ms)[0m  SELECT "posts".* FROM "posts"
  Rendered posts/index.html.erb within layouts/application (52.4ms)
Completed 200 OK in 429ms (Views: 384.0ms | ActiveRecord: 2.4ms)


Started GET "/posts" for 127.0.0.1 at 2015-02-06 21:44:41 +0100
Processing by PostsController#index as HTML
  [1m[36mPost Load (0.4ms)[0m  [1mSELECT "posts".* FROM "posts"[0m
  Rendered posts/index.html.erb within layouts/application (3.9ms)
Completed 200 OK in 270ms (Views: 268.0ms | ActiveRecord: 0.4ms)


Started GET "/posts/" for 127.0.0.1 at 2015-02-06 22:08:55 +0100
  [1m[36mActiveRecord::SchemaMigration Load (0.5ms)[0m  [1mSELECT "schema_migrations".* FROM "schema_migrations"[0m
Processing by PostsController#index as HTML
  [1m[35mPost Load (0.6ms)[0m  SELECT "posts".* FROM "posts"
  Rendered posts/index.html.erb within layouts/application (55.4ms)
Completed 200 OK in 547ms (Views: 506.3ms | ActiveRecord: 2.0ms)


Started GET "/posts/" for 127.0.0.1 at 2015-02-06 22:09:30 +0100
Processing by PostsController#index as HTML
  [1m[36mPost Load (13.4ms)[0m  [1mSELECT "posts".* FROM "posts"[0m
  Rendered posts/index.html.erb within layouts/application (17.1ms)
Completed 200 OK in 227ms (Views: 212.5ms | ActiveRecord: 13.4ms)


Started GET "/posts/" for 127.0.0.1 at 2015-02-06 22:10:05 +0100
Processing by PostsController#index as HTML
  [1m[35mPost Load (0.3ms)[0m  SELECT "posts".* FROM "posts"
  Rendered posts/index.html.erb within layouts/application (4.0ms)
Completed 200 OK in 209ms (Views: 207.4ms | ActiveRecord: 0.3ms)


Started GET "/posts/2" for 127.0.0.1 at 2015-02-06 22:10:13 +0100
Processing by PostsController#show as HTML
  Parameters: {"id"=>"2"}
  [1m[36mPost Load (0.5ms)[0m  [1mSELECT  "posts".* FROM "posts" WHERE "posts"."id" = ? LIMIT 1[0m  [["id", 2]]
  Rendered posts/show.html.erb within layouts/application (1.2ms)
Completed 200 OK in 220ms (Views: 205.3ms | ActiveRecord: 0.5ms)


Started GET "/posts/1" for 127.0.0.1 at 2015-02-06 22:10:40 +0100
Processing by PostsController#show as HTML
  Parameters: {"id"=>"1"}
  [1m[35mPost Load (0.2ms)[0m  SELECT  "posts".* FROM "posts" WHERE "posts"."id" = ? LIMIT 1  [["id", 1]]
  Rendered posts/show.html.erb within layouts/application (2.2ms)
Completed 200 OK in 169ms (Views: 166.8ms | ActiveRecord: 0.2ms)


Started GET "/posts/1" for 127.0.0.1 at 2015-02-06 22:11:18 +0100
Processing by PostsController#show as HTML
  Parameters: {"id"=>"1"}
  [1m[36mPost Load (0.2ms)[0m  [1mSELECT  "posts".* FROM "posts" WHERE "posts"."id" = ? LIMIT 1[0m  [["id", 1]]
  Rendered posts/show.html.erb within layouts/application (5.3ms)
Completed 200 OK in 252ms (Views: 248.0ms | ActiveRecord: 0.2ms)


Started GET "/posts/1" for 127.0.0.1 at 2015-02-06 22:12:12 +0100
Processing by PostsController#show as HTML
  Parameters: {"id"=>"1"}
  [1m[35mPost Load (0.5ms)[0m  SELECT  "posts".* FROM "posts" WHERE "posts"."id" = ? LIMIT 1  [["id", 1]]
  Rendered posts/show.html.erb within layouts/application (1.9ms)
Completed 200 OK in 396ms (Views: 389.2ms | ActiveRecord: 0.5ms)


Started GET "/posts/" for 127.0.0.1 at 2015-02-06 22:12:20 +0100
Processing by PostsController#index as HTML
  [1m[36mPost Load (4.3ms)[0m  [1mSELECT "posts".* FROM "posts"[0m
  Rendered posts/index.html.erb within layouts/application (19.9ms)
Completed 200 OK in 275ms (Views: 267.9ms | ActiveRecord: 4.3ms)


Started GET "/posts/" for 127.0.0.1 at 2015-02-06 22:12:42 +0100
Processing by PostsController#index as HTML
  [1m[35mPost Load (0.3ms)[0m  SELECT "posts".* FROM "posts"
  Rendered posts/index.html.erb within layouts/application (11.2ms)
Completed 200 OK in 225ms (Views: 223.8ms | ActiveRecord: 0.3ms)


Started GET "/posts/1" for 127.0.0.1 at 2015-02-06 22:12:43 +0100
Processing by PostsController#show as HTML
  Parameters: {"id"=>"1"}
  [1m[36mPost Load (0.2ms)[0m  [1mSELECT  "posts".* FROM "posts" WHERE "posts"."id" = ? LIMIT 1[0m  [["id", 1]]
  Rendered posts/show.html.erb within layouts/application (1.4ms)
Completed 200 OK in 136ms (Views: 134.2ms | ActiveRecord: 0.2ms)


Started GET "/posts/" for 127.0.0.1 at 2015-02-06 22:14:35 +0100
  [1m[36mActiveRecord::SchemaMigration Load (0.6ms)[0m  [1mSELECT "schema_migrations".* FROM "schema_migrations"[0m
Processing by PostsController#index as HTML
  [1m[35mPost Load (0.6ms)[0m  SELECT "posts".* FROM "posts"
  Rendered posts/index.html.erb within layouts/application (39.2ms)
Completed 200 OK in 613ms (Views: 567.8ms | ActiveRecord: 1.8ms)


Started GET "/posts/" for 127.0.0.1 at 2015-02-06 22:15:23 +0100
Processing by PostsController#index as HTML
  [1m[36mPost Load (11.0ms)[0m  [1mSELECT "posts".* FROM "posts"[0m
  Rendered posts/index.html.erb within layouts/application (15.3ms)
Completed 200 OK in 238ms (Views: 225.6ms | ActiveRecord: 11.0ms)


Started GET "/posts/" for 127.0.0.1 at 2015-02-06 22:16:22 +0100
Processing by PostsController#index as HTML
  [1m[35mPost Load (1.4ms)[0m  SELECT "posts".* FROM "posts"
  Rendered posts/index.html.erb within layouts/application (103.0ms)
Completed 500 Internal Server Error in 111ms

ActionView::Template::Error (undefined local variable or method `time_in_words' for #<#<Class:0xb99138f4>:0xb9925734>):
    16: <% end %>
    17: 
    18: 
    19: <p><font color="red">t<%= time_in_words %> </font></p>
    20: <p>
    21: <%= link_to "New Post/ Nouveau Post", new_post_path  %>
    22: </p>
  app/views/posts/index.html.erb:19:in `_app_views_posts_index_html_erb__751159414__590809338'


  Rendered /usr/local/lib/ruby/gems/2.1.0/gems/web-console-2.0.0/lib/action_dispatch/templates/rescues/_source.erb (24.1ms)
  Rendered /usr/local/lib/ruby/gems/2.1.0/gems/web-console-2.0.0/lib/action_dispatch/templates/rescues/_trace.html.erb (14.3ms)
  Rendered /usr/local/lib/ruby/gems/2.1.0/gems/web-console-2.0.0/lib/action_dispatch/templates/rescues/_request_and_response.html.erb (5.6ms)
  Rendered /usr/local/lib/ruby/gems/2.1.0/gems/web-console-2.0.0/lib/action_dispatch/templates/rescues/_web_console.html.erb (5.3ms)
  Rendered /usr/local/lib/ruby/gems/2.1.0/gems/web-console-2.0.0/lib/action_dispatch/templates/rescues/template_error.html.erb within rescues/layout (113.1ms)


Started GET "/posts/" for 127.0.0.1 at 2015-02-06 22:16:41 +0100
Processing by PostsController#index as HTML
  [1m[36mPost Load (0.4ms)[0m  [1mSELECT "posts".* FROM "posts"[0m
  Rendered posts/index.html.erb within layouts/application (101.9ms)
Completed 500 Internal Server Error in 117ms

ActionView::Template::Error (undefined local variable or method `time' for #<#<Class:0xb99138f4>:0xb47e3dd0>):
    16: <% end %>
    17: 
    18: 
    19: <p><font color="red">t<%= time %> </font></p>
    20: <p>
    21: <%= link_to "New Post/ Nouveau Post", new_post_path  %>
    22: </p>
  app/views/posts/index.html.erb:19:in `_app_views_posts_index_html_erb__751159414__633399458'


  Rendered /usr/local/lib/ruby/gems/2.1.0/gems/web-console-2.0.0/lib/action_dispatch/templates/rescues/_source.erb (57.2ms)
  Rendered /usr/local/lib/ruby/gems/2.1.0/gems/web-console-2.0.0/lib/action_dispatch/templates/rescues/_trace.html.erb (16.2ms)
  Rendered /usr/local/lib/ruby/gems/2.1.0/gems/web-console-2.0.0/lib/action_dispatch/templates/rescues/_request_and_response.html.erb (4.4ms)
  Rendered /usr/local/lib/ruby/gems/2.1.0/gems/web-console-2.0.0/lib/action_dispatch/templates/rescues/_web_console.html.erb (3.7ms)
  Rendered /usr/local/lib/ruby/gems/2.1.0/gems/web-console-2.0.0/lib/action_dispatch/templates/rescues/template_error.html.erb within rescues/layout (160.5ms)


Started GET "/posts/" for 127.0.0.1 at 2015-02-06 22:17:13 +0100
Processing by PostsController#index as HTML
  [1m[35mPost Load (0.4ms)[0m  SELECT "posts".* FROM "posts"
  Rendered posts/index.html.erb within layouts/application (4.7ms)
Completed 200 OK in 172ms (Views: 170.4ms | ActiveRecord: 0.4ms)


Started GET "/posts/" for 127.0.0.1 at 2015-02-06 23:03:19 +0100
  [1m[36mActiveRecord::SchemaMigration Load (0.1ms)[0m  [1mSELECT "schema_migrations".* FROM "schema_migrations"[0m
Processing by PostsController#index as HTML
  [1m[35mPost Load (0.2ms)[0m  SELECT "posts".* FROM "posts"
  Rendered posts/index.html.erb within layouts/application (15.0ms)
Completed 200 OK in 185ms (Views: 170.6ms | ActiveRecord: 0.6ms)


Started GET "/assets/application-b1e6e5be126c03ffc2bc761c1c3d53e8.css?body=1" for 127.0.0.1 at 2015-02-06 23:03:20 +0100


Started GET "/" for 127.0.0.1 at 2015-02-06 23:03:24 +0100
Processing by Rails::WelcomeController#index as HTML
  Rendered /usr/local/lib/ruby/gems/2.1.0/gems/railties-4.2.0/lib/rails/templates/rails/welcome/index.html.erb (1.0ms)
Completed 200 OK in 5ms (Views: 4.3ms | ActiveRecord: 0.0ms)


Started GET "/posts/" for 127.0.0.1 at 2015-02-06 23:03:27 +0100
Processing by PostsController#index as HTML
  [1m[36mPost Load (0.7ms)[0m  [1mSELECT "posts".* FROM "posts"[0m
  Rendered posts/index.html.erb within layouts/application (4.5ms)
Completed 200 OK in 82ms (Views: 80.2ms | ActiveRecord: 0.7ms)


Started GET "/" for 127.0.0.1 at 2015-02-06 23:03:30 +0100
Processing by Rails::WelcomeController#index as HTML
  Rendered /usr/local/lib/ruby/gems/2.1.0/gems/railties-4.2.0/lib/rails/templates/rails/welcome/index.html.erb (1.2ms)
Completed 200 OK in 4ms (Views: 2.9ms | ActiveRecord: 0.0ms)


Started GET "/" for 127.0.0.1 at 2015-02-06 23:03:30 +0100
Processing by Rails::WelcomeController#index as HTML
  Rendered /usr/local/lib/ruby/gems/2.1.0/gems/railties-4.2.0/lib/rails/templates/rails/welcome/index.html.erb (0.2ms)
Completed 200 OK in 3ms (Views: 2.1ms | ActiveRecord: 0.0ms)


Started GET "/posts/" for 127.0.0.1 at 2015-02-07 00:39:15 +0100
  [1m[36mActiveRecord::SchemaMigration Load (0.1ms)[0m  [1mSELECT "schema_migrations".* FROM "schema_migrations"[0m
Processing by PostsController#index as HTML
  [1m[35mPost Load (0.2ms)[0m  SELECT "posts".* FROM "posts"
  Rendered posts/index.html.erb within layouts/application (18.4ms)
Completed 200 OK in 197ms (Views: 175.6ms | ActiveRecord: 0.8ms)


Started GET "/posts/new" for 127.0.0.1 at 2015-02-07 00:39:19 +0100
Processing by PostsController#new as HTML
  Rendered posts/_form.html.erb (20.8ms)
  Rendered posts/new.html.erb within layouts/application (28.6ms)
Completed 200 OK in 87ms (Views: 85.0ms | ActiveRecord: 0.0ms)


Started POST "/posts" for 127.0.0.1 at 2015-02-07 00:39:30 +0100
Processing by PostsController#create as HTML
  Parameters: {"utf8"=>"✓", "authenticity_token"=>"4dGX29G4mn9MOgRX5Ix+dVqaCIhCuX8gN2/IxDAm4Sz8UGLC1DyEJNUfxEVocSkS01tDB0CEsSCd9AZvj24eTQ==", "post"=>{"title"=>"bb", "autor"=>"reda", "text"=>"hiiiii"}, "commit"=>"Create Post"}
  [1m[36m (0.2ms)[0m  [1mbegin transaction[0m
  [1m[35mSQL (0.6ms)[0m  INSERT INTO "posts" ("title", "autor", "text", "created_at", "updated_at") VALUES (?, ?, ?, ?, ?)  [["title", "bb"], ["autor", "reda"], ["text", "hiiiii"], ["created_at", "2015-02-06 23:39:30.708262"], ["updated_at", "2015-02-06 23:39:30.708262"]]
  [1m[36m (9.2ms)[0m  [1mcommit transaction[0m
Redirected to http://localhost:3000/posts/4
Completed 302 Found in 16ms (ActiveRecord: 10.0ms)


Started GET "/posts/4" for 127.0.0.1 at 2015-02-07 00:39:30 +0100
Processing by PostsController#show as HTML
  Parameters: {"id"=>"4"}
  [1m[35mPost Load (0.3ms)[0m  SELECT  "posts".* FROM "posts" WHERE "posts"."id" = ? LIMIT 1  [["id", 4]]
  Rendered posts/show.html.erb within layouts/application (1.7ms)
Completed 200 OK in 88ms (Views: 81.5ms | ActiveRecord: 0.3ms)


Started GET "/posts" for 127.0.0.1 at 2015-02-07 00:39:33 +0100
Processing by PostsController#index as HTML
  [1m[36mPost Load (0.3ms)[0m  [1mSELECT "posts".* FROM "posts"[0m
  Rendered posts/index.html.erb within layouts/application (2.5ms)
Completed 200 OK in 76ms (Views: 75.1ms | ActiveRecord: 0.3ms)


Started GET "/posts" for 127.0.0.1 at 2015-02-07 00:42:43 +0100
Processing by PostsController#index as HTML
  [1m[35mPost Load (0.3ms)[0m  SELECT "posts".* FROM "posts"
  Rendered posts/index.html.erb within layouts/application (5.8ms)
Completed 200 OK in 82ms (Views: 80.0ms | ActiveRecord: 0.3ms)


Started GET "/posts" for 127.0.0.1 at 2015-02-07 00:44:49 +0100
Processing by PostsController#index as HTML
  [1m[36mPost Load (0.6ms)[0m  [1mSELECT "posts".* FROM "posts"[0m
  Rendered posts/index.html.erb within layouts/application (9.7ms)
Completed 200 OK in 89ms (Views: 86.5ms | ActiveRecord: 0.6ms)


Started GET "/posts" for 127.0.0.1 at 2015-02-07 00:45:09 +0100
Processing by PostsController#index as HTML
  [1m[35mPost Load (0.3ms)[0m  SELECT "posts".* FROM "posts"
  Rendered posts/index.html.erb within layouts/application (12.7ms)
Completed 200 OK in 146ms (Views: 143.6ms | ActiveRecord: 0.3ms)


Started GET "/posts" for 127.0.0.1 at 2015-02-07 00:46:34 +0100
Processing by PostsController#index as HTML
  [1m[36mPost Load (0.4ms)[0m  [1mSELECT "posts".* FROM "posts"[0m
  Rendered posts/index.html.erb within layouts/application (12.5ms)
Completed 200 OK in 108ms (Views: 106.2ms | ActiveRecord: 0.4ms)


Started GET "/posts" for 127.0.0.1 at 2015-02-07 00:47:26 +0100
Processing by PostsController#index as HTML
  [1m[35mPost Load (0.3ms)[0m  SELECT "posts".* FROM "posts"
  Rendered posts/index.html.erb within layouts/application (3.0ms)
Completed 200 OK in 68ms (Views: 66.0ms | ActiveRecord: 0.3ms)


Started GET "/posts" for 127.0.0.1 at 2015-02-07 00:48:26 +0100
Processing by PostsController#index as HTML
  [1m[36mPost Load (0.2ms)[0m  [1mSELECT "posts".* FROM "posts"[0m
  Rendered posts/index.html.erb within layouts/application (7.9ms)
Completed 200 OK in 109ms (Views: 107.5ms | ActiveRecord: 0.2ms)


Started GET "/posts" for 127.0.0.1 at 2015-02-07 00:49:15 +0100
Processing by PostsController#index as HTML
  [1m[35mPost Load (0.3ms)[0m  SELECT "posts".* FROM "posts"
  Rendered posts/index.html.erb within layouts/application (5.4ms)
Completed 200 OK in 79ms (Views: 78.2ms | ActiveRecord: 0.3ms)


Started GET "/posts" for 127.0.0.1 at 2015-02-07 00:50:19 +0100
Processing by PostsController#index as HTML
  [1m[36mPost Load (0.2ms)[0m  [1mSELECT "posts".* FROM "posts"[0m
  Rendered posts/index.html.erb within layouts/application (13.7ms)
Completed 200 OK in 121ms (Views: 119.7ms | ActiveRecord: 0.2ms)


Started GET "/posts" for 127.0.0.1 at 2015-02-07 00:50:35 +0100
Processing by PostsController#index as HTML
  [1m[35mPost Load (0.5ms)[0m  SELECT "posts".* FROM "posts"
  Rendered posts/index.html.erb within layouts/application (4.7ms)
Completed 200 OK in 65ms (Views: 63.4ms | ActiveRecord: 0.5ms)


Started GET "/assets/posts-64e62ddc273c2f5847f30d698ca14b67.css?body=1" for 127.0.0.1 at 2015-02-07 00:50:35 +0100


Started GET "/assets/application-b1e6e5be126c03ffc2bc761c1c3d53e8.css?body=1" for 127.0.0.1 at 2015-02-07 00:50:35 +0100


Started GET "/assets/scaffolds-c3bf5cf560dc827cc47ef7fa1dd63f48.css?body=1" for 127.0.0.1 at 2015-02-07 00:50:35 +0100


Started GET "/assets/jquery-87424c3c19e96d4fb033c10ebe21ec40.js?body=1" for 127.0.0.1 at 2015-02-07 00:50:36 +0100


Started GET "/assets/posts-fcec5b5a277ac7c20cc9f45a209a3bcd.js?body=1" for 127.0.0.1 at 2015-02-07 00:50:36 +0100


Started GET "/assets/jquery_ujs-e27bd20a10d28155845a22d71ef94f2f.js?body=1" for 127.0.0.1 at 2015-02-07 00:50:36 +0100


Started GET "/assets/turbolinks-da8ddad9c2c5483d4c5c30c1ce325253.js?body=1" for 127.0.0.1 at 2015-02-07 00:50:36 +0100


Started GET "/assets/application-79e1233a68e5fdd328d8a2ea17ddef8a.js?body=1" for 127.0.0.1 at 2015-02-07 00:50:36 +0100


Started GET "/posts" for 127.0.0.1 at 2015-02-07 00:51:13 +0100
Processing by PostsController#index as HTML
  [1m[36mPost Load (0.4ms)[0m  [1mSELECT "posts".* FROM "posts"[0m
  Rendered posts/index.html.erb within layouts/application (6.9ms)
Completed 200 OK in 102ms (Views: 100.3ms | ActiveRecord: 0.4ms)


Started GET "/assets/posts-64e62ddc273c2f5847f30d698ca14b67.css?body=1" for 127.0.0.1 at 2015-02-07 00:51:13 +0100


Started GET "/assets/scaffolds-c3bf5cf560dc827cc47ef7fa1dd63f48.css?body=1" for 127.0.0.1 at 2015-02-07 00:51:13 +0100


Started GET "/assets/application-b1e6e5be126c03ffc2bc761c1c3d53e8.css?body=1" for 127.0.0.1 at 2015-02-07 00:51:13 +0100


Started GET "/assets/jquery-87424c3c19e96d4fb033c10ebe21ec40.js?body=1" for 127.0.0.1 at 2015-02-07 00:51:13 +0100


Started GET "/assets/jquery_ujs-e27bd20a10d28155845a22d71ef94f2f.js?body=1" for 127.0.0.1 at 2015-02-07 00:51:13 +0100


Started GET "/assets/turbolinks-da8ddad9c2c5483d4c5c30c1ce325253.js?body=1" for 127.0.0.1 at 2015-02-07 00:51:13 +0100


Started GET "/assets/application-79e1233a68e5fdd328d8a2ea17ddef8a.js?body=1" for 127.0.0.1 at 2015-02-07 00:51:13 +0100


Started GET "/assets/posts-fcec5b5a277ac7c20cc9f45a209a3bcd.js?body=1" for 127.0.0.1 at 2015-02-07 00:51:13 +0100


Started GET "/posts" for 127.0.0.1 at 2015-02-07 00:52:21 +0100
Processing by PostsController#index as HTML
  [1m[35mPost Load (0.3ms)[0m  SELECT "posts".* FROM "posts"
  Rendered posts/index.html.erb within layouts/application (16.8ms)
Completed 200 OK in 82ms (Views: 80.4ms | ActiveRecord: 0.3ms)


Started GET "/assets/posts-64e62ddc273c2f5847f30d698ca14b67.css?body=1" for 127.0.0.1 at 2015-02-07 00:52:21 +0100


Started GET "/assets/scaffolds-c3bf5cf560dc827cc47ef7fa1dd63f48.css?body=1" for 127.0.0.1 at 2015-02-07 00:52:21 +0100


Started GET "/assets/turbolinks-da8ddad9c2c5483d4c5c30c1ce325253.js?body=1" for 127.0.0.1 at 2015-02-07 00:52:21 +0100


Started GET "/assets/jquery_ujs-e27bd20a10d28155845a22d71ef94f2f.js?body=1" for 127.0.0.1 at 2015-02-07 00:52:21 +0100


Started GET "/assets/jquery-87424c3c19e96d4fb033c10ebe21ec40.js?body=1" for 127.0.0.1 at 2015-02-07 00:52:21 +0100


Started GET "/assets/application-b1e6e5be126c03ffc2bc761c1c3d53e8.css?body=1" for 127.0.0.1 at 2015-02-07 00:52:21 +0100


Started GET "/assets/posts-fcec5b5a277ac7c20cc9f45a209a3bcd.js?body=1" for 127.0.0.1 at 2015-02-07 00:52:21 +0100


Started GET "/assets/application-79e1233a68e5fdd328d8a2ea17ddef8a.js?body=1" for 127.0.0.1 at 2015-02-07 00:52:21 +0100


Started GET "/posts" for 127.0.0.1 at 2015-02-07 00:52:55 +0100
Processing by PostsController#index as HTML
  [1m[36mPost Load (0.2ms)[0m  [1mSELECT "posts".* FROM "posts"[0m
  Rendered posts/index.html.erb within layouts/application (5.0ms)
Completed 200 OK in 65ms (Views: 64.3ms | ActiveRecord: 0.2ms)


Started GET "/assets/posts-64e62ddc273c2f5847f30d698ca14b67.css?body=1" for 127.0.0.1 at 2015-02-07 00:52:55 +0100


Started GET "/assets/scaffolds-c3bf5cf560dc827cc47ef7fa1dd63f48.css?body=1" for 127.0.0.1 at 2015-02-07 00:52:55 +0100


Started GET "/assets/jquery-87424c3c19e96d4fb033c10ebe21ec40.js?body=1" for 127.0.0.1 at 2015-02-07 00:52:55 +0100


Started GET "/assets/jquery_ujs-e27bd20a10d28155845a22d71ef94f2f.js?body=1" for 127.0.0.1 at 2015-02-07 00:52:55 +0100


Started GET "/assets/application-b1e6e5be126c03ffc2bc761c1c3d53e8.css?body=1" for 127.0.0.1 at 2015-02-07 00:52:55 +0100


Started GET "/assets/turbolinks-da8ddad9c2c5483d4c5c30c1ce325253.js?body=1" for 127.0.0.1 at 2015-02-07 00:52:55 +0100


Started GET "/assets/application-79e1233a68e5fdd328d8a2ea17ddef8a.js?body=1" for 127.0.0.1 at 2015-02-07 00:52:55 +0100


Started GET "/assets/posts-fcec5b5a277ac7c20cc9f45a209a3bcd.js?body=1" for 127.0.0.1 at 2015-02-07 00:52:55 +0100


Started GET "/posts" for 127.0.0.1 at 2015-02-07 00:53:13 +0100
Processing by PostsController#index as HTML
  [1m[35mPost Load (0.2ms)[0m  SELECT "posts".* FROM "posts"
  Rendered posts/index.html.erb within layouts/application (2.9ms)
Completed 200 OK in 100ms (Views: 99.1ms | ActiveRecord: 0.2ms)


Started GET "/assets/posts-64e62ddc273c2f5847f30d698ca14b67.css?body=1" for 127.0.0.1 at 2015-02-07 00:53:14 +0100


Started GET "/assets/application-b1e6e5be126c03ffc2bc761c1c3d53e8.css?body=1" for 127.0.0.1 at 2015-02-07 00:53:14 +0100


Started GET "/assets/jquery_ujs-e27bd20a10d28155845a22d71ef94f2f.js?body=1" for 127.0.0.1 at 2015-02-07 00:53:14 +0100


Started GET "/assets/scaffolds-c3bf5cf560dc827cc47ef7fa1dd63f48.css?body=1" for 127.0.0.1 at 2015-02-07 00:53:14 +0100


Started GET "/assets/application-79e1233a68e5fdd328d8a2ea17ddef8a.js?body=1" for 127.0.0.1 at 2015-02-07 00:53:14 +0100


Started GET "/assets/turbolinks-da8ddad9c2c5483d4c5c30c1ce325253.js?body=1" for 127.0.0.1 at 2015-02-07 00:53:14 +0100


Started GET "/assets/jquery-87424c3c19e96d4fb033c10ebe21ec40.js?body=1" for 127.0.0.1 at 2015-02-07 00:53:14 +0100


Started GET "/assets/posts-fcec5b5a277ac7c20cc9f45a209a3bcd.js?body=1" for 127.0.0.1 at 2015-02-07 00:53:14 +0100


Started GET "/posts" for 127.0.0.1 at 2015-02-07 00:54:22 +0100
Processing by PostsController#index as HTML
  [1m[36mPost Load (0.2ms)[0m  [1mSELECT "posts".* FROM "posts"[0m
  Rendered posts/index.html.erb within layouts/application (6.3ms)
Completed 200 OK in 104ms (Views: 103.1ms | ActiveRecord: 0.2ms)


Started GET "/assets/posts-64e62ddc273c2f5847f30d698ca14b67.css?body=1" for 127.0.0.1 at 2015-02-07 00:54:22 +0100


Started GET "/assets/scaffolds-c3bf5cf560dc827cc47ef7fa1dd63f48.css?body=1" for 127.0.0.1 at 2015-02-07 00:54:22 +0100


Started GET "/assets/application-b1e6e5be126c03ffc2bc761c1c3d53e8.css?body=1" for 127.0.0.1 at 2015-02-07 00:54:22 +0100


Started GET "/assets/jquery-87424c3c19e96d4fb033c10ebe21ec40.js?body=1" for 127.0.0.1 at 2015-02-07 00:54:22 +0100


Started GET "/assets/jquery_ujs-e27bd20a10d28155845a22d71ef94f2f.js?body=1" for 127.0.0.1 at 2015-02-07 00:54:22 +0100


Started GET "/assets/turbolinks-da8ddad9c2c5483d4c5c30c1ce325253.js?body=1" for 127.0.0.1 at 2015-02-07 00:54:22 +0100


Started GET "/assets/application-79e1233a68e5fdd328d8a2ea17ddef8a.js?body=1" for 127.0.0.1 at 2015-02-07 00:54:22 +0100


Started GET "/assets/posts-fcec5b5a277ac7c20cc9f45a209a3bcd.js?body=1" for 127.0.0.1 at 2015-02-07 00:54:22 +0100


Started GET "/posts" for 127.0.0.1 at 2015-02-07 00:55:06 +0100
Processing by PostsController#index as HTML
  [1m[35mPost Load (0.3ms)[0m  SELECT "posts".* FROM "posts"
  Rendered posts/index.html.erb within layouts/application (5.1ms)
Completed 200 OK in 62ms (Views: 61.1ms | ActiveRecord: 0.3ms)


Started GET "/assets/posts-64e62ddc273c2f5847f30d698ca14b67.css?body=1" for 127.0.0.1 at 2015-02-07 00:55:06 +0100


Started GET "/assets/scaffolds-c3bf5cf560dc827cc47ef7fa1dd63f48.css?body=1" for 127.0.0.1 at 2015-02-07 00:55:06 +0100


Started GET "/assets/application-b1e6e5be126c03ffc2bc761c1c3d53e8.css?body=1" for 127.0.0.1 at 2015-02-07 00:55:06 +0100


Started GET "/assets/jquery-87424c3c19e96d4fb033c10ebe21ec40.js?body=1" for 127.0.0.1 at 2015-02-07 00:55:06 +0100


Started GET "/assets/jquery_ujs-e27bd20a10d28155845a22d71ef94f2f.js?body=1" for 127.0.0.1 at 2015-02-07 00:55:06 +0100


Started GET "/assets/posts-fcec5b5a277ac7c20cc9f45a209a3bcd.js?body=1" for 127.0.0.1 at 2015-02-07 00:55:06 +0100


Started GET "/assets/turbolinks-da8ddad9c2c5483d4c5c30c1ce325253.js?body=1" for 127.0.0.1 at 2015-02-07 00:55:06 +0100


Started GET "/assets/application-79e1233a68e5fdd328d8a2ea17ddef8a.js?body=1" for 127.0.0.1 at 2015-02-07 00:55:06 +0100


Started GET "/posts" for 127.0.0.1 at 2015-02-07 00:55:22 +0100
Processing by PostsController#index as HTML
  [1m[36mPost Load (0.3ms)[0m  [1mSELECT "posts".* FROM "posts"[0m
  Rendered posts/index.html.erb within layouts/application (9.4ms)
Completed 200 OK in 68ms (Views: 67.4ms | ActiveRecord: 0.3ms)


Started GET "/assets/jquery_ujs-e27bd20a10d28155845a22d71ef94f2f.js?body=1" for 127.0.0.1 at 2015-02-07 00:55:22 +0100


Started GET "/assets/application-b1e6e5be126c03ffc2bc761c1c3d53e8.css?body=1" for 127.0.0.1 at 2015-02-07 00:55:22 +0100


Started GET "/assets/jquery-87424c3c19e96d4fb033c10ebe21ec40.js?body=1" for 127.0.0.1 at 2015-02-07 00:55:22 +0100


Started GET "/assets/scaffolds-c3bf5cf560dc827cc47ef7fa1dd63f48.css?body=1" for 127.0.0.1 at 2015-02-07 00:55:22 +0100


Started GET "/assets/posts-64e62ddc273c2f5847f30d698ca14b67.css?body=1" for 127.0.0.1 at 2015-02-07 00:55:22 +0100


Started GET "/assets/turbolinks-da8ddad9c2c5483d4c5c30c1ce325253.js?body=1" for 127.0.0.1 at 2015-02-07 00:55:22 +0100


Started GET "/assets/posts-fcec5b5a277ac7c20cc9f45a209a3bcd.js?body=1" for 127.0.0.1 at 2015-02-07 00:55:22 +0100


Started GET "/assets/application-79e1233a68e5fdd328d8a2ea17ddef8a.js?body=1" for 127.0.0.1 at 2015-02-07 00:55:22 +0100


Started GET "/posts" for 127.0.0.1 at 2015-02-07 00:55:43 +0100
Processing by PostsController#index as HTML
  [1m[35mPost Load (0.2ms)[0m  SELECT "posts".* FROM "posts"
  Rendered posts/index.html.erb within layouts/application (3.6ms)
Completed 200 OK in 87ms (Views: 86.0ms | ActiveRecord: 0.2ms)


Started GET "/assets/posts-64e62ddc273c2f5847f30d698ca14b67.css?body=1" for 127.0.0.1 at 2015-02-07 00:55:43 +0100


Started GET "/assets/scaffolds-c3bf5cf560dc827cc47ef7fa1dd63f48.css?body=1" for 127.0.0.1 at 2015-02-07 00:55:43 +0100


Started GET "/assets/application-b1e6e5be126c03ffc2bc761c1c3d53e8.css?body=1" for 127.0.0.1 at 2015-02-07 00:55:43 +0100


Started GET "/assets/turbolinks-da8ddad9c2c5483d4c5c30c1ce325253.js?body=1" for 127.0.0.1 at 2015-02-07 00:55:43 +0100


Started GET "/assets/jquery-87424c3c19e96d4fb033c10ebe21ec40.js?body=1" for 127.0.0.1 at 2015-02-07 00:55:43 +0100


Started GET "/assets/jquery_ujs-e27bd20a10d28155845a22d71ef94f2f.js?body=1" for 127.0.0.1 at 2015-02-07 00:55:43 +0100


Started GET "/assets/application-79e1233a68e5fdd328d8a2ea17ddef8a.js?body=1" for 127.0.0.1 at 2015-02-07 00:55:43 +0100


Started GET "/assets/posts-fcec5b5a277ac7c20cc9f45a209a3bcd.js?body=1" for 127.0.0.1 at 2015-02-07 00:55:43 +0100


Started GET "/posts" for 127.0.0.1 at 2015-02-07 00:57:33 +0100
Processing by PostsController#index as HTML
  [1m[36mPost Load (0.3ms)[0m  [1mSELECT "posts".* FROM "posts"[0m
  Rendered posts/index.html.erb within layouts/application (4.5ms)
Completed 200 OK in 94ms (Views: 92.7ms | ActiveRecord: 0.3ms)


Started GET "/assets/posts-64e62ddc273c2f5847f30d698ca14b67.css?body=1" for 127.0.0.1 at 2015-02-07 00:57:33 +0100


Started GET "/assets/scaffolds-c3bf5cf560dc827cc47ef7fa1dd63f48.css?body=1" for 127.0.0.1 at 2015-02-07 00:57:33 +0100


Started GET "/assets/application-b1e6e5be126c03ffc2bc761c1c3d53e8.css?body=1" for 127.0.0.1 at 2015-02-07 00:57:33 +0100


Started GET "/assets/application-79e1233a68e5fdd328d8a2ea17ddef8a.js?body=1" for 127.0.0.1 at 2015-02-07 00:57:33 +0100


Started GET "/assets/turbolinks-da8ddad9c2c5483d4c5c30c1ce325253.js?body=1" for 127.0.0.1 at 2015-02-07 00:57:33 +0100


Started GET "/assets/jquery_ujs-e27bd20a10d28155845a22d71ef94f2f.js?body=1" for 127.0.0.1 at 2015-02-07 00:57:33 +0100


Started GET "/assets/jquery-87424c3c19e96d4fb033c10ebe21ec40.js?body=1" for 127.0.0.1 at 2015-02-07 00:57:33 +0100


Started GET "/assets/posts-fcec5b5a277ac7c20cc9f45a209a3bcd.js?body=1" for 127.0.0.1 at 2015-02-07 00:57:33 +0100


Started GET "/posts" for 127.0.0.1 at 2015-02-07 00:57:46 +0100
Processing by PostsController#index as HTML
  [1m[35mPost Load (0.2ms)[0m  SELECT "posts".* FROM "posts"
  Rendered posts/index.html.erb within layouts/application (11.4ms)
Completed 200 OK in 87ms (Views: 85.4ms | ActiveRecord: 0.2ms)


Started GET "/assets/posts-64e62ddc273c2f5847f30d698ca14b67.css?body=1" for 127.0.0.1 at 2015-02-07 00:57:47 +0100


Started GET "/assets/scaffolds-c3bf5cf560dc827cc47ef7fa1dd63f48.css?body=1" for 127.0.0.1 at 2015-02-07 00:57:47 +0100


Started GET "/assets/application-b1e6e5be126c03ffc2bc761c1c3d53e8.css?body=1" for 127.0.0.1 at 2015-02-07 00:57:47 +0100


Started GET "/assets/jquery-87424c3c19e96d4fb033c10ebe21ec40.js?body=1" for 127.0.0.1 at 2015-02-07 00:57:47 +0100


Started GET "/assets/jquery_ujs-e27bd20a10d28155845a22d71ef94f2f.js?body=1" for 127.0.0.1 at 2015-02-07 00:57:47 +0100


Started GET "/assets/posts-fcec5b5a277ac7c20cc9f45a209a3bcd.js?body=1" for 127.0.0.1 at 2015-02-07 00:57:47 +0100


Started GET "/assets/application-79e1233a68e5fdd328d8a2ea17ddef8a.js?body=1" for 127.0.0.1 at 2015-02-07 00:57:47 +0100


Started GET "/assets/turbolinks-da8ddad9c2c5483d4c5c30c1ce325253.js?body=1" for 127.0.0.1 at 2015-02-07 00:57:47 +0100


Started GET "/posts" for 127.0.0.1 at 2015-02-07 00:57:57 +0100
Processing by PostsController#index as HTML
  [1m[36mPost Load (0.2ms)[0m  [1mSELECT "posts".* FROM "posts"[0m
  Rendered posts/index.html.erb within layouts/application (11.7ms)
Completed 200 OK in 65ms (Views: 63.6ms | ActiveRecord: 0.2ms)


Started GET "/assets/posts-64e62ddc273c2f5847f30d698ca14b67.css?body=1" for 127.0.0.1 at 2015-02-07 00:57:57 +0100


Started GET "/assets/scaffolds-c3bf5cf560dc827cc47ef7fa1dd63f48.css?body=1" for 127.0.0.1 at 2015-02-07 00:57:57 +0100


Started GET "/assets/application-b1e6e5be126c03ffc2bc761c1c3d53e8.css?body=1" for 127.0.0.1 at 2015-02-07 00:57:57 +0100


Started GET "/assets/jquery-87424c3c19e96d4fb033c10ebe21ec40.js?body=1" for 127.0.0.1 at 2015-02-07 00:57:57 +0100


Started GET "/assets/jquery_ujs-e27bd20a10d28155845a22d71ef94f2f.js?body=1" for 127.0.0.1 at 2015-02-07 00:57:57 +0100


Started GET "/assets/turbolinks-da8ddad9c2c5483d4c5c30c1ce325253.js?body=1" for 127.0.0.1 at 2015-02-07 00:57:57 +0100


Started GET "/assets/posts-fcec5b5a277ac7c20cc9f45a209a3bcd.js?body=1" for 127.0.0.1 at 2015-02-07 00:57:57 +0100


Started GET "/assets/application-79e1233a68e5fdd328d8a2ea17ddef8a.js?body=1" for 127.0.0.1 at 2015-02-07 00:57:57 +0100


Started GET "/posts" for 127.0.0.1 at 2015-02-07 00:58:10 +0100
Processing by PostsController#index as HTML
  [1m[35mPost Load (0.3ms)[0m  SELECT "posts".* FROM "posts"
  Rendered posts/index.html.erb within layouts/application (12.2ms)
Completed 200 OK in 90ms (Views: 88.7ms | ActiveRecord: 0.3ms)


Started GET "/assets/posts-64e62ddc273c2f5847f30d698ca14b67.css?body=1" for 127.0.0.1 at 2015-02-07 00:58:10 +0100


Started GET "/assets/scaffolds-c3bf5cf560dc827cc47ef7fa1dd63f48.css?body=1" for 127.0.0.1 at 2015-02-07 00:58:10 +0100


Started GET "/assets/application-b1e6e5be126c03ffc2bc761c1c3d53e8.css?body=1" for 127.0.0.1 at 2015-02-07 00:58:10 +0100


Started GET "/assets/application-79e1233a68e5fdd328d8a2ea17ddef8a.js?body=1" for 127.0.0.1 at 2015-02-07 00:58:10 +0100


Started GET "/assets/jquery-87424c3c19e96d4fb033c10ebe21ec40.js?body=1" for 127.0.0.1 at 2015-02-07 00:58:10 +0100


Started GET "/assets/posts-fcec5b5a277ac7c20cc9f45a209a3bcd.js?body=1" for 127.0.0.1 at 2015-02-07 00:58:10 +0100


Started GET "/assets/turbolinks-da8ddad9c2c5483d4c5c30c1ce325253.js?body=1" for 127.0.0.1 at 2015-02-07 00:58:10 +0100


Started GET "/assets/jquery_ujs-e27bd20a10d28155845a22d71ef94f2f.js?body=1" for 127.0.0.1 at 2015-02-07 00:58:10 +0100


Started GET "/posts/new" for 127.0.0.1 at 2015-02-07 00:58:28 +0100
Processing by PostsController#new as HTML
  Rendered posts/_form.html.erb (6.6ms)
  Rendered posts/new.html.erb within layouts/application (8.3ms)
Completed 200 OK in 63ms (Views: 62.5ms | ActiveRecord: 0.0ms)


Started POST "/posts" for 127.0.0.1 at 2015-02-07 00:58:40 +0100
Processing by PostsController#create as HTML
  Parameters: {"utf8"=>"✓", "authenticity_token"=>"UPGq2LxSfBWRnMZyZb10pSjOVjdBQOl1OUZ4pHUkhlBNcF/BudZiTgi5BmDpQCPCoQ8duEN9J3WT3bYPymx5MQ==", "post"=>{"title"=>"Blah", "autor"=>"aaa", "text"=>"vvbgfg"}, "commit"=>"Create Post"}
  [1m[36m (0.1ms)[0m  [1mbegin transaction[0m
  [1m[35mSQL (0.3ms)[0m  INSERT INTO "posts" ("title", "autor", "text", "created_at", "updated_at") VALUES (?, ?, ?, ?, ?)  [["title", "Blah"], ["autor", "aaa"], ["text", "vvbgfg"], ["created_at", "2015-02-06 23:58:40.238528"], ["updated_at", "2015-02-06 23:58:40.238528"]]
  [1m[36m (11.5ms)[0m  [1mcommit transaction[0m
Redirected to http://localhost:3000/posts/5
Completed 302 Found in 24ms (ActiveRecord: 12.0ms)


Started GET "/posts/5" for 127.0.0.1 at 2015-02-07 00:58:40 +0100
Processing by PostsController#show as HTML
  Parameters: {"id"=>"5"}
  [1m[35mPost Load (0.1ms)[0m  SELECT  "posts".* FROM "posts" WHERE "posts"."id" = ? LIMIT 1  [["id", 5]]
  Rendered posts/show.html.erb within layouts/application (0.5ms)
Completed 200 OK in 58ms (Views: 57.3ms | ActiveRecord: 0.1ms)


Started GET "/assets/posts-64e62ddc273c2f5847f30d698ca14b67.css?body=1" for 127.0.0.1 at 2015-02-07 00:58:40 +0100


Started GET "/assets/scaffolds-c3bf5cf560dc827cc47ef7fa1dd63f48.css?body=1" for 127.0.0.1 at 2015-02-07 00:58:40 +0100


Started GET "/assets/jquery-87424c3c19e96d4fb033c10ebe21ec40.js?body=1" for 127.0.0.1 at 2015-02-07 00:58:40 +0100


Started GET "/assets/jquery_ujs-e27bd20a10d28155845a22d71ef94f2f.js?body=1" for 127.0.0.1 at 2015-02-07 00:58:40 +0100


Started GET "/assets/application-b1e6e5be126c03ffc2bc761c1c3d53e8.css?body=1" for 127.0.0.1 at 2015-02-07 00:58:40 +0100


Started GET "/assets/turbolinks-da8ddad9c2c5483d4c5c30c1ce325253.js?body=1" for 127.0.0.1 at 2015-02-07 00:58:40 +0100


Started GET "/assets/application-79e1233a68e5fdd328d8a2ea17ddef8a.js?body=1" for 127.0.0.1 at 2015-02-07 00:58:40 +0100


Started GET "/assets/posts-fcec5b5a277ac7c20cc9f45a209a3bcd.js?body=1" for 127.0.0.1 at 2015-02-07 00:58:40 +0100


Started GET "/posts" for 127.0.0.1 at 2015-02-07 00:58:42 +0100
Processing by PostsController#index as HTML
  [1m[36mPost Load (0.3ms)[0m  [1mSELECT "posts".* FROM "posts"[0m
  Rendered posts/index.html.erb within layouts/application (4.0ms)
Completed 200 OK in 72ms (Views: 70.6ms | ActiveRecord: 0.3ms)


Started GET "/" for 127.0.0.1 at 2015-02-07 01:00:08 +0100
Processing by Rails::WelcomeController#index as HTML
  Rendered /usr/local/lib/ruby/gems/2.1.0/gems/railties-4.2.0/lib/rails/templates/rails/welcome/index.html.erb (0.9ms)
Completed 200 OK in 5ms (Views: 4.8ms | ActiveRecord: 0.0ms)


Started GET "/" for 127.0.0.1 at 2015-02-07 01:00:08 +0100
Processing by Rails::WelcomeController#index as HTML
  Rendered /usr/local/lib/ruby/gems/2.1.0/gems/railties-4.2.0/lib/rails/templates/rails/welcome/index.html.erb (0.8ms)
Completed 200 OK in 2ms (Views: 1.7ms | ActiveRecord: 0.0ms)


Started GET "/posts" for 127.0.0.1 at 2015-02-07 01:00:09 +0100
Processing by PostsController#index as HTML
  [1m[35mPost Load (0.3ms)[0m  SELECT "posts".* FROM "posts"
  Rendered posts/index.html.erb within layouts/application (3.4ms)
Completed 200 OK in 64ms (Views: 62.7ms | ActiveRecord: 0.3ms)


Started GET "/assets/posts-64e62ddc273c2f5847f30d698ca14b67.css?body=1" for 127.0.0.1 at 2015-02-07 01:00:09 +0100


Started GET "/assets/scaffolds-c3bf5cf560dc827cc47ef7fa1dd63f48.css?body=1" for 127.0.0.1 at 2015-02-07 01:00:09 +0100


Started GET "/assets/application-b1e6e5be126c03ffc2bc761c1c3d53e8.css?body=1" for 127.0.0.1 at 2015-02-07 01:00:09 +0100


Started GET "/assets/jquery_ujs-e27bd20a10d28155845a22d71ef94f2f.js?body=1" for 127.0.0.1 at 2015-02-07 01:00:09 +0100


Started GET "/assets/posts-fcec5b5a277ac7c20cc9f45a209a3bcd.js?body=1" for 127.0.0.1 at 2015-02-07 01:00:09 +0100


Started GET "/assets/turbolinks-da8ddad9c2c5483d4c5c30c1ce325253.js?body=1" for 127.0.0.1 at 2015-02-07 01:00:09 +0100


Started GET "/assets/application-79e1233a68e5fdd328d8a2ea17ddef8a.js?body=1" for 127.0.0.1 at 2015-02-07 01:00:09 +0100


Started GET "/assets/jquery-87424c3c19e96d4fb033c10ebe21ec40.js?body=1" for 127.0.0.1 at 2015-02-07 01:00:09 +0100


Started GET "/posts" for 127.0.0.1 at 2015-02-07 01:00:11 +0100
Processing by PostsController#index as HTML
  [1m[36mPost Load (0.3ms)[0m  [1mSELECT "posts".* FROM "posts"[0m
  Rendered posts/index.html.erb within layouts/application (2.9ms)
Completed 200 OK in 88ms (Views: 86.5ms | ActiveRecord: 0.3ms)


Started GET "/posts" for 127.0.0.1 at 2015-02-07 01:00:12 +0100
Processing by PostsController#index as HTML
  [1m[35mPost Load (0.2ms)[0m  SELECT "posts".* FROM "posts"
  Rendered posts/index.html.erb within layouts/application (8.5ms)
Completed 200 OK in 96ms (Views: 95.5ms | ActiveRecord: 0.2ms)


Started GET "/posts" for 127.0.0.1 at 2015-02-07 01:03:27 +0100
Processing by PostsController#index as HTML
  [1m[36mPost Load (0.3ms)[0m  [1mSELECT "posts".* FROM "posts"[0m
  Rendered posts/index.html.erb within layouts/application (4.5ms)
Completed 200 OK in 98ms (Views: 95.7ms | ActiveRecord: 0.3ms)


Started GET "/assets/posts-64e62ddc273c2f5847f30d698ca14b67.css?body=1" for 127.0.0.1 at 2015-02-07 01:03:27 +0100


Started GET "/assets/posts-fcec5b5a277ac7c20cc9f45a209a3bcd.js?body=1" for 127.0.0.1 at 2015-02-07 01:03:27 +0100


Started GET "/assets/turbolinks-da8ddad9c2c5483d4c5c30c1ce325253.js?body=1" for 127.0.0.1 at 2015-02-07 01:03:27 +0100


Started GET "/assets/jquery-87424c3c19e96d4fb033c10ebe21ec40.js?body=1" for 127.0.0.1 at 2015-02-07 01:03:27 +0100


Started GET "/assets/application-b1e6e5be126c03ffc2bc761c1c3d53e8.css?body=1" for 127.0.0.1 at 2015-02-07 01:03:27 +0100


Started GET "/assets/scaffolds-c3bf5cf560dc827cc47ef7fa1dd63f48.css?body=1" for 127.0.0.1 at 2015-02-07 01:03:27 +0100


Started GET "/assets/jquery_ujs-e27bd20a10d28155845a22d71ef94f2f.js?body=1" for 127.0.0.1 at 2015-02-07 01:03:27 +0100


Started GET "/assets/application-79e1233a68e5fdd328d8a2ea17ddef8a.js?body=1" for 127.0.0.1 at 2015-02-07 01:03:27 +0100


Started GET "/posts" for 127.0.0.1 at 2015-02-07 01:04:30 +0100
Processing by PostsController#index as HTML
  [1m[35mPost Load (0.4ms)[0m  SELECT "posts".* FROM "posts"
  Rendered posts/index.html.erb within layouts/application (4.4ms)
Completed 200 OK in 91ms (Views: 89.8ms | ActiveRecord: 0.4ms)


Started GET "/assets/posts-64e62ddc273c2f5847f30d698ca14b67.css?body=1" for 127.0.0.1 at 2015-02-07 01:04:30 +0100


Started GET "/assets/application-b1e6e5be126c03ffc2bc761c1c3d53e8.css?body=1" for 127.0.0.1 at 2015-02-07 01:04:30 +0100


Started GET "/assets/scaffolds-c3bf5cf560dc827cc47ef7fa1dd63f48.css?body=1" for 127.0.0.1 at 2015-02-07 01:04:30 +0100


Started GET "/assets/jquery-87424c3c19e96d4fb033c10ebe21ec40.js?body=1" for 127.0.0.1 at 2015-02-07 01:04:30 +0100


Started GET "/assets/application-79e1233a68e5fdd328d8a2ea17ddef8a.js?body=1" for 127.0.0.1 at 2015-02-07 01:04:30 +0100


Started GET "/assets/posts-fcec5b5a277ac7c20cc9f45a209a3bcd.js?body=1" for 127.0.0.1 at 2015-02-07 01:04:30 +0100


Started GET "/assets/turbolinks-da8ddad9c2c5483d4c5c30c1ce325253.js?body=1" for 127.0.0.1 at 2015-02-07 01:04:30 +0100


Started GET "/assets/jquery_ujs-e27bd20a10d28155845a22d71ef94f2f.js?body=1" for 127.0.0.1 at 2015-02-07 01:04:30 +0100


Started GET "/posts" for 127.0.0.1 at 2015-02-07 01:05:07 +0100
Processing by PostsController#index as HTML
  [1m[36mPost Load (0.2ms)[0m  [1mSELECT "posts".* FROM "posts"[0m
  Rendered posts/index.html.erb within layouts/application (7.4ms)
Completed 200 OK in 70ms (Views: 68.4ms | ActiveRecord: 0.2ms)


Started GET "/assets/posts-64e62ddc273c2f5847f30d698ca14b67.css?body=1" for 127.0.0.1 at 2015-02-07 01:05:07 +0100


Started GET "/assets/scaffolds-c3bf5cf560dc827cc47ef7fa1dd63f48.css?body=1" for 127.0.0.1 at 2015-02-07 01:05:07 +0100


Started GET "/assets/application-b1e6e5be126c03ffc2bc761c1c3d53e8.css?body=1" for 127.0.0.1 at 2015-02-07 01:05:07 +0100


Started GET "/assets/posts-fcec5b5a277ac7c20cc9f45a209a3bcd.js?body=1" for 127.0.0.1 at 2015-02-07 01:05:07 +0100


Started GET "/assets/jquery_ujs-e27bd20a10d28155845a22d71ef94f2f.js?body=1" for 127.0.0.1 at 2015-02-07 01:05:07 +0100


Started GET "/assets/application-79e1233a68e5fdd328d8a2ea17ddef8a.js?body=1" for 127.0.0.1 at 2015-02-07 01:05:07 +0100


Started GET "/assets/jquery-87424c3c19e96d4fb033c10ebe21ec40.js?body=1" for 127.0.0.1 at 2015-02-07 01:05:07 +0100


Started GET "/assets/turbolinks-da8ddad9c2c5483d4c5c30c1ce325253.js?body=1" for 127.0.0.1 at 2015-02-07 01:05:07 +0100


Started GET "/posts" for 127.0.0.1 at 2015-02-07 01:05:27 +0100
Processing by PostsController#index as HTML
  [1m[35mPost Load (0.3ms)[0m  SELECT "posts".* FROM "posts"
  Rendered posts/index.html.erb within layouts/application (3.7ms)
Completed 200 OK in 109ms (Views: 107.8ms | ActiveRecord: 0.3ms)


Started GET "/assets/posts-64e62ddc273c2f5847f30d698ca14b67.css?body=1" for 127.0.0.1 at 2015-02-07 01:05:27 +0100


Started GET "/assets/scaffolds-c3bf5cf560dc827cc47ef7fa1dd63f48.css?body=1" for 127.0.0.1 at 2015-02-07 01:05:27 +0100


Started GET "/assets/application-b1e6e5be126c03ffc2bc761c1c3d53e8.css?body=1" for 127.0.0.1 at 2015-02-07 01:05:27 +0100


Started GET "/assets/jquery-87424c3c19e96d4fb033c10ebe21ec40.js?body=1" for 127.0.0.1 at 2015-02-07 01:05:27 +0100


Started GET "/assets/turbolinks-da8ddad9c2c5483d4c5c30c1ce325253.js?body=1" for 127.0.0.1 at 2015-02-07 01:05:27 +0100


Started GET "/assets/application-79e1233a68e5fdd328d8a2ea17ddef8a.js?body=1" for 127.0.0.1 at 2015-02-07 01:05:27 +0100


Started GET "/assets/posts-fcec5b5a277ac7c20cc9f45a209a3bcd.js?body=1" for 127.0.0.1 at 2015-02-07 01:05:27 +0100


Started GET "/assets/jquery_ujs-e27bd20a10d28155845a22d71ef94f2f.js?body=1" for 127.0.0.1 at 2015-02-07 01:05:27 +0100


Started GET "/posts" for 127.0.0.1 at 2015-02-07 01:06:05 +0100
Processing by PostsController#index as HTML
  [1m[36mPost Load (0.3ms)[0m  [1mSELECT "posts".* FROM "posts"[0m
  Rendered posts/index.html.erb within layouts/application (7.0ms)
Completed 200 OK in 85ms (Views: 82.9ms | ActiveRecord: 0.3ms)


Started GET "/assets/posts-64e62ddc273c2f5847f30d698ca14b67.css?body=1" for 127.0.0.1 at 2015-02-07 01:06:05 +0100


Started GET "/assets/scaffolds-c3bf5cf560dc827cc47ef7fa1dd63f48.css?body=1" for 127.0.0.1 at 2015-02-07 01:06:05 +0100


Started GET "/assets/application-b1e6e5be126c03ffc2bc761c1c3d53e8.css?body=1" for 127.0.0.1 at 2015-02-07 01:06:05 +0100


Started GET "/assets/posts-fcec5b5a277ac7c20cc9f45a209a3bcd.js?body=1" for 127.0.0.1 at 2015-02-07 01:06:05 +0100


Started GET "/assets/jquery-87424c3c19e96d4fb033c10ebe21ec40.js?body=1" for 127.0.0.1 at 2015-02-07 01:06:05 +0100


Started GET "/assets/application-79e1233a68e5fdd328d8a2ea17ddef8a.js?body=1" for 127.0.0.1 at 2015-02-07 01:06:05 +0100


Started GET "/assets/turbolinks-da8ddad9c2c5483d4c5c30c1ce325253.js?body=1" for 127.0.0.1 at 2015-02-07 01:06:05 +0100


Started GET "/assets/jquery_ujs-e27bd20a10d28155845a22d71ef94f2f.js?body=1" for 127.0.0.1 at 2015-02-07 01:06:05 +0100


Started GET "/posts/new" for 127.0.0.1 at 2015-02-07 01:06:21 +0100
Processing by PostsController#new as HTML
  Rendered posts/_form.html.erb (1.8ms)
  Rendered posts/new.html.erb within layouts/application (3.1ms)
Completed 200 OK in 56ms (Views: 54.5ms | ActiveRecord: 0.0ms)


Started GET "/assets/jquery-87424c3c19e96d4fb033c10ebe21ec40.js?body=1" for 127.0.0.1 at 2015-02-07 01:06:21 +0100


Started GET "/assets/jquery_ujs-e27bd20a10d28155845a22d71ef94f2f.js?body=1" for 127.0.0.1 at 2015-02-07 01:06:21 +0100


Started GET "/assets/turbolinks-da8ddad9c2c5483d4c5c30c1ce325253.js?body=1" for 127.0.0.1 at 2015-02-07 01:06:21 +0100


Started GET "/assets/posts-fcec5b5a277ac7c20cc9f45a209a3bcd.js?body=1" for 127.0.0.1 at 2015-02-07 01:06:21 +0100


Started GET "/assets/application-79e1233a68e5fdd328d8a2ea17ddef8a.js?body=1" for 127.0.0.1 at 2015-02-07 01:06:21 +0100


Started GET "/posts" for 127.0.0.1 at 2015-02-07 01:06:32 +0100
Processing by PostsController#index as HTML
  [1m[35mPost Load (0.2ms)[0m  SELECT "posts".* FROM "posts"
  Rendered posts/index.html.erb within layouts/application (2.6ms)
Completed 200 OK in 77ms (Views: 75.6ms | ActiveRecord: 0.2ms)


Started GET "/assets/jquery-87424c3c19e96d4fb033c10ebe21ec40.js?body=1" for 127.0.0.1 at 2015-02-07 01:06:32 +0100


Started GET "/assets/jquery_ujs-e27bd20a10d28155845a22d71ef94f2f.js?body=1" for 127.0.0.1 at 2015-02-07 01:06:32 +0100


Started GET "/assets/turbolinks-da8ddad9c2c5483d4c5c30c1ce325253.js?body=1" for 127.0.0.1 at 2015-02-07 01:06:32 +0100


Started GET "/assets/posts-fcec5b5a277ac7c20cc9f45a209a3bcd.js?body=1" for 127.0.0.1 at 2015-02-07 01:06:32 +0100


Started GET "/assets/application-79e1233a68e5fdd328d8a2ea17ddef8a.js?body=1" for 127.0.0.1 at 2015-02-07 01:06:32 +0100


Started GET "/posts/new" for 127.0.0.1 at 2015-02-07 01:06:36 +0100
Processing by PostsController#new as HTML
  Rendered posts/_form.html.erb (2.1ms)
  Rendered posts/new.html.erb within layouts/application (3.8ms)
Completed 200 OK in 63ms (Views: 62.8ms | ActiveRecord: 0.0ms)


Started GET "/assets/jquery-87424c3c19e96d4fb033c10ebe21ec40.js?body=1" for 127.0.0.1 at 2015-02-07 01:06:36 +0100


Started GET "/assets/jquery_ujs-e27bd20a10d28155845a22d71ef94f2f.js?body=1" for 127.0.0.1 at 2015-02-07 01:06:36 +0100


Started GET "/assets/turbolinks-da8ddad9c2c5483d4c5c30c1ce325253.js?body=1" for 127.0.0.1 at 2015-02-07 01:06:36 +0100


Started GET "/assets/posts-fcec5b5a277ac7c20cc9f45a209a3bcd.js?body=1" for 127.0.0.1 at 2015-02-07 01:06:36 +0100


Started GET "/assets/application-79e1233a68e5fdd328d8a2ea17ddef8a.js?body=1" for 127.0.0.1 at 2015-02-07 01:06:36 +0100


Started GET "/posts" for 127.0.0.1 at 2015-02-07 01:06:39 +0100
Processing by PostsController#index as HTML
  [1m[36mPost Load (0.4ms)[0m  [1mSELECT "posts".* FROM "posts"[0m
  Rendered posts/index.html.erb within layouts/application (2.4ms)
Completed 200 OK in 77ms (Views: 76.0ms | ActiveRecord: 0.4ms)


Started GET "/assets/jquery-87424c3c19e96d4fb033c10ebe21ec40.js?body=1" for 127.0.0.1 at 2015-02-07 01:06:39 +0100


Started GET "/assets/jquery_ujs-e27bd20a10d28155845a22d71ef94f2f.js?body=1" for 127.0.0.1 at 2015-02-07 01:06:39 +0100


Started GET "/assets/turbolinks-da8ddad9c2c5483d4c5c30c1ce325253.js?body=1" for 127.0.0.1 at 2015-02-07 01:06:39 +0100


Started GET "/assets/application-79e1233a68e5fdd328d8a2ea17ddef8a.js?body=1" for 127.0.0.1 at 2015-02-07 01:06:39 +0100


Started GET "/assets/posts-fcec5b5a277ac7c20cc9f45a209a3bcd.js?body=1" for 127.0.0.1 at 2015-02-07 01:06:39 +0100


Started GET "/" for 127.0.0.1 at 2015-02-07 01:14:18 +0100
Processing by Rails::WelcomeController#index as HTML
  Rendered /usr/local/lib/ruby/gems/2.1.0/gems/railties-4.2.0/lib/rails/templates/rails/welcome/index.html.erb (0.2ms)
Completed 200 OK in 3ms (Views: 1.8ms | ActiveRecord: 0.0ms)


Started GET "/posts" for 127.0.0.1 at 2015-02-07 01:14:26 +0100
Processing by PostsController#index as HTML
  [1m[35mPost Load (0.5ms)[0m  SELECT "posts".* FROM "posts"
  Rendered posts/index.html.erb within layouts/application (14.0ms)
Completed 200 OK in 90ms (Views: 87.9ms | ActiveRecord: 0.5ms)


Started GET "/posts" for 127.0.0.1 at 2015-02-07 01:14:26 +0100
Processing by PostsController#index as HTML
  [1m[36mPost Load (0.2ms)[0m  [1mSELECT "posts".* FROM "posts"[0m
  Rendered posts/index.html.erb within layouts/application (3.8ms)
Completed 200 OK in 100ms (Views: 98.6ms | ActiveRecord: 0.2ms)


Started GET "/assets/jquery-87424c3c19e96d4fb033c10ebe21ec40.js?body=1" for 127.0.0.1 at 2015-02-07 01:14:26 +0100


Started GET "/assets/jquery_ujs-e27bd20a10d28155845a22d71ef94f2f.js?body=1" for 127.0.0.1 at 2015-02-07 01:14:26 +0100


Started GET "/assets/turbolinks-da8ddad9c2c5483d4c5c30c1ce325253.js?body=1" for 127.0.0.1 at 2015-02-07 01:14:26 +0100


Started GET "/assets/posts-fcec5b5a277ac7c20cc9f45a209a3bcd.js?body=1" for 127.0.0.1 at 2015-02-07 01:14:26 +0100


Started GET "/assets/application-79e1233a68e5fdd328d8a2ea17ddef8a.js?body=1" for 127.0.0.1 at 2015-02-07 01:14:26 +0100


Started GET "/assets/jquery_ujs-e27bd20a10d28155845a22d71ef94f2f.js?body=1" for 127.0.0.1 at 2015-02-07 01:14:26 +0100


Started GET "/assets/jquery-87424c3c19e96d4fb033c10ebe21ec40.js?body=1" for 127.0.0.1 at 2015-02-07 01:14:26 +0100


Started GET "/assets/posts-fcec5b5a277ac7c20cc9f45a209a3bcd.js?body=1" for 127.0.0.1 at 2015-02-07 01:14:26 +0100


Started GET "/assets/turbolinks-da8ddad9c2c5483d4c5c30c1ce325253.js?body=1" for 127.0.0.1 at 2015-02-07 01:14:26 +0100


Started GET "/assets/application-79e1233a68e5fdd328d8a2ea17ddef8a.js?body=1" for 127.0.0.1 at 2015-02-07 01:14:26 +0100
  [1m[36mActiveRecord::SchemaMigration Load (0.2ms)[0m  [1mSELECT "schema_migrations".* FROM "schema_migrations"[0m
Migrating to CreateUsers (20150207012406)
  [1m[35m (0.1ms)[0m  begin transaction
  [1m[36m (0.7ms)[0m  [1mCREATE TABLE "users" ("id" INTEGER PRIMARY KEY AUTOINCREMENT NOT NULL, "name" varchar, "created_at" datetime NOT NULL, "updated_at" datetime NOT NULL) [0m
  [1m[35mSQL (0.4ms)[0m  INSERT INTO "schema_migrations" ("version") VALUES (?)  [["version", "20150207012406"]]
  [1m[36m (2.4ms)[0m  [1mcommit transaction[0m
  [1m[35mActiveRecord::SchemaMigration Load (0.2ms)[0m  SELECT "schema_migrations".* FROM "schema_migrations"


Started GET "/posts" for 127.0.0.1 at 2015-02-07 02:25:24 +0100
  [1m[36mActiveRecord::SchemaMigration Load (0.6ms)[0m  [1mSELECT "schema_migrations".* FROM "schema_migrations"[0m
Processing by PostsController#index as HTML
  [1m[35mPost Load (0.6ms)[0m  SELECT "posts".* FROM "posts"
  Rendered posts/index.html.erb within layouts/application (101.5ms)
Completed 200 OK in 2976ms (Views: 2899.5ms | ActiveRecord: 2.0ms)


Started GET "/assets/users-64e62ddc273c2f5847f30d698ca14b67.css?body=1" for 127.0.0.1 at 2015-02-07 02:25:28 +0100


Started GET "/assets/users-fcec5b5a277ac7c20cc9f45a209a3bcd.js?body=1" for 127.0.0.1 at 2015-02-07 02:25:28 +0100


Started GET "/assets/application-322efd85de1e19784a5dc35312bc9882.js?body=1" for 127.0.0.1 at 2015-02-07 02:25:29 +0100


Started GET "/assets/posts-64e62ddc273c2f5847f30d698ca14b67.css?body=1" for 127.0.0.1 at 2015-02-07 02:25:29 +0100


Started GET "/assets/jquery-87424c3c19e96d4fb033c10ebe21ec40.js?body=1" for 127.0.0.1 at 2015-02-07 02:25:29 +0100


Started GET "/assets/scaffolds-c3bf5cf560dc827cc47ef7fa1dd63f48.css?body=1" for 127.0.0.1 at 2015-02-07 02:25:29 +0100


Started GET "/assets/application-b1e6e5be126c03ffc2bc761c1c3d53e8.css?body=1" for 127.0.0.1 at 2015-02-07 02:25:29 +0100


Started GET "/assets/jquery_ujs-e27bd20a10d28155845a22d71ef94f2f.js?body=1" for 127.0.0.1 at 2015-02-07 02:25:29 +0100


Started GET "/assets/turbolinks-da8ddad9c2c5483d4c5c30c1ce325253.js?body=1" for 127.0.0.1 at 2015-02-07 02:25:29 +0100


Started GET "/assets/posts-fcec5b5a277ac7c20cc9f45a209a3bcd.js?body=1" for 127.0.0.1 at 2015-02-07 02:25:29 +0100


Started GET "/user" for 127.0.0.1 at 2015-02-07 02:25:46 +0100

ActionController::RoutingError (No route matches [GET] "/user"):
  web-console (2.0.0) lib/action_dispatch/debug_exceptions.rb:22:in `middleware_call'
  web-console (2.0.0) lib/action_dispatch/debug_exceptions.rb:13:in `call'
  actionpack (4.2.0) lib/action_dispatch/middleware/show_exceptions.rb:30:in `call'
  railties (4.2.0) lib/rails/rack/logger.rb:38:in `call_app'
  railties (4.2.0) lib/rails/rack/logger.rb:20:in `block in call'
  activesupport (4.2.0) lib/active_support/tagged_logging.rb:68:in `block in tagged'
  activesupport (4.2.0) lib/active_support/tagged_logging.rb:26:in `tagged'
  activesupport (4.2.0) lib/active_support/tagged_logging.rb:68:in `tagged'
  railties (4.2.0) lib/rails/rack/logger.rb:20:in `call'
  actionpack (4.2.0) lib/action_dispatch/middleware/request_id.rb:21:in `call'
  rack (1.6.0) lib/rack/methodoverride.rb:22:in `call'
  rack (1.6.0) lib/rack/runtime.rb:18:in `call'
  activesupport (4.2.0) lib/active_support/cache/strategy/local_cache_middleware.rb:28:in `call'
  rack (1.6.0) lib/rack/lock.rb:17:in `call'
  actionpack (4.2.0) lib/action_dispatch/middleware/static.rb:113:in `call'
  rack (1.6.0) lib/rack/sendfile.rb:113:in `call'
  railties (4.2.0) lib/rails/engine.rb:518:in `call'
  railties (4.2.0) lib/rails/application.rb:164:in `call'
  rack (1.6.0) lib/rack/lock.rb:17:in `call'
  rack (1.6.0) lib/rack/content_length.rb:15:in `call'
  rack (1.6.0) lib/rack/handler/webrick.rb:89:in `service'
  /usr/local/lib/ruby/2.1.0/webrick/httpserver.rb:138:in `service'
  /usr/local/lib/ruby/2.1.0/webrick/httpserver.rb:94:in `run'
  /usr/local/lib/ruby/2.1.0/webrick/server.rb:295:in `block in start_thread'


  Rendered /usr/local/lib/ruby/gems/2.1.0/gems/web-console-2.0.0/lib/action_dispatch/templates/rescues/_trace.html.erb (5.5ms)
  Rendered /usr/local/lib/ruby/gems/2.1.0/gems/web-console-2.0.0/lib/action_dispatch/templates/routes/_route.html.erb (5.8ms)
  Rendered /usr/local/lib/ruby/gems/2.1.0/gems/web-console-2.0.0/lib/action_dispatch/templates/routes/_table.html.erb (39.1ms)
  Rendered /usr/local/lib/ruby/gems/2.1.0/gems/web-console-2.0.0/lib/action_dispatch/templates/rescues/_request_and_response.html.erb (6.5ms)
  Rendered /usr/local/lib/ruby/gems/2.1.0/gems/web-console-2.0.0/lib/action_dispatch/templates/rescues/_web_console.html.erb (3.5ms)
  Rendered /usr/local/lib/ruby/gems/2.1.0/gems/web-console-2.0.0/lib/action_dispatch/templates/rescues/routing_error.html.erb within rescues/layout (221.9ms)


Started GET "/users" for 127.0.0.1 at 2015-02-07 02:25:50 +0100
Processing by UsersController#index as HTML
  [1m[36mUser Load (1.5ms)[0m  [1mSELECT "users".* FROM "users"[0m
  Rendered users/index.html.erb within layouts/application (12.6ms)
Completed 200 OK in 280ms (Views: 272.1ms | ActiveRecord: 2.6ms)


Started GET "/users/new" for 127.0.0.1 at 2015-02-07 02:25:57 +0100
Processing by UsersController#new as HTML
  Rendered users/_form.html.erb (21.0ms)
  Rendered users/new.html.erb within layouts/application (25.2ms)
Completed 200 OK in 302ms (Views: 297.4ms | ActiveRecord: 0.2ms)


Started POST "/users" for 127.0.0.1 at 2015-02-07 02:26:01 +0100
Processing by UsersController#create as HTML
  Parameters: {"utf8"=>"✓", "authenticity_token"=>"UOkypKnopNWaGuRB3wjbT5merYArQ5BYj6WrosMNCypNaMe9rGy6jgM/JFNT9YwoEF/mDyl+XlglPmUJfEX0Sw==", "user"=>{"name"=>"da"}, "commit"=>"Create User"}
  [1m[35m (0.2ms)[0m  begin transaction
  [1m[36mSQL (0.7ms)[0m  [1mINSERT INTO "users" ("name", "created_at", "updated_at") VALUES (?, ?, ?)[0m  [["name", "da"], ["created_at", "2015-02-07 01:26:01.545489"], ["updated_at", "2015-02-07 01:26:01.545489"]]
  [1m[35m (2.6ms)[0m  commit transaction
Redirected to http://localhost:3000/users/1
Completed 302 Found in 12ms (ActiveRecord: 3.5ms)


Started GET "/users/1" for 127.0.0.1 at 2015-02-07 02:26:01 +0100
Processing by UsersController#show as HTML
  Parameters: {"id"=>"1"}
  [1m[36mUser Load (0.4ms)[0m  [1mSELECT  "users".* FROM "users" WHERE "users"."id" = ? LIMIT 1[0m  [["id", 1]]
  Rendered users/show.html.erb within layouts/application (8.1ms)
Completed 200 OK in 286ms (Views: 264.3ms | ActiveRecord: 0.4ms)


Started GET "/users" for 127.0.0.1 at 2015-02-07 02:26:05 +0100
Processing by UsersController#index as HTML
  [1m[35mUser Load (0.2ms)[0m  SELECT "users".* FROM "users"
  Rendered users/index.html.erb within layouts/application (2.3ms)
Completed 200 OK in 210ms (Views: 208.0ms | ActiveRecord: 0.2ms)


Started GET "/users/1" for 127.0.0.1 at 2015-02-07 13:22:01 +0100
  [1m[36mActiveRecord::SchemaMigration Load (0.4ms)[0m  [1mSELECT "schema_migrations".* FROM "schema_migrations"[0m
Processing by UsersController#show as HTML
  Parameters: {"id"=>"1"}
  [1m[35mUser Load (0.5ms)[0m  SELECT  "users".* FROM "users" WHERE "users"."id" = ? LIMIT 1  [["id", 1]]
  Rendered users/show.html.erb within layouts/application (8.8ms)
Completed 200 OK in 622ms (Views: 519.3ms | ActiveRecord: 1.7ms)


Started GET "/users" for 127.0.0.1 at 2015-02-07 13:22:07 +0100
Processing by UsersController#index as HTML
  [1m[36mUser Load (0.2ms)[0m  [1mSELECT "users".* FROM "users"[0m
  Rendered users/index.html.erb within layouts/application (3.4ms)
Completed 200 OK in 311ms (Views: 309.2ms | ActiveRecord: 0.2ms)


Started GET "/posts" for 127.0.0.1 at 2015-02-07 13:22:13 +0100
Processing by PostsController#index as HTML
  [1m[35mPost Load (0.8ms)[0m  SELECT "posts".* FROM "posts"
  Rendered posts/index.html.erb within layouts/application (76.9ms)
Completed 200 OK in 484ms (Views: 474.1ms | ActiveRecord: 2.0ms)


Started GET "/" for 127.0.0.1 at 2015-02-07 13:24:04 +0100
Processing by Rails::WelcomeController#index as HTML
  Rendered /usr/local/lib/ruby/gems/2.1.0/gems/railties-4.2.0/lib/rails/templates/rails/welcome/index.html.erb (3.0ms)
Completed 200 OK in 31ms (Views: 29.2ms | ActiveRecord: 0.0ms)


Started GET "/posts" for 127.0.0.1 at 2015-02-07 13:24:20 +0100
Processing by PostsController#index as HTML
  [1m[36mPost Load (0.5ms)[0m  [1mSELECT "posts".* FROM "posts"[0m
  Rendered posts/index.html.erb within layouts/application (4.7ms)
Completed 200 OK in 207ms (Views: 205.3ms | ActiveRecord: 0.5ms)


Started GET "/posts" for 127.0.0.1 at 2015-02-07 13:24:21 +0100
Processing by PostsController#index as HTML
  [1m[35mPost Load (0.3ms)[0m  SELECT "posts".* FROM "posts"
  Rendered posts/index.html.erb within layouts/application (8.5ms)
Completed 200 OK in 282ms (Views: 280.0ms | ActiveRecord: 0.3ms)


Started GET "/posts" for 127.0.0.1 at 2015-02-07 13:25:11 +0100
Processing by PostsController#index as HTML
  [1m[36mPost Load (4.6ms)[0m  [1mSELECT "posts".* FROM "posts"[0m
  Rendered posts/index.html.erb within layouts/application (31.5ms)
Completed 200 OK in 399ms (Views: 392.7ms | ActiveRecord: 4.6ms)


Started GET "/users" for 127.0.0.1 at 2015-02-07 13:25:14 +0100
Processing by UsersController#index as HTML
  [1m[35mUser Load (0.2ms)[0m  SELECT "users".* FROM "users"
  Rendered users/index.html.erb within layouts/application (3.6ms)
Completed 200 OK in 232ms (Views: 229.8ms | ActiveRecord: 0.2ms)


Started GET "/posts" for 127.0.0.1 at 2015-02-07 13:25:17 +0100
Processing by PostsController#index as HTML
  [1m[36mPost Load (0.3ms)[0m  [1mSELECT "posts".* FROM "posts"[0m
  Rendered posts/index.html.erb within layouts/application (5.2ms)
Completed 200 OK in 213ms (Views: 211.2ms | ActiveRecord: 0.3ms)


Started GET "/users" for 127.0.0.1 at 2015-02-07 13:26:10 +0100
Processing by UsersController#index as HTML
  [1m[35mUser Load (1.0ms)[0m  SELECT "users".* FROM "users"
  Rendered users/index.html.erb within layouts/application (8.0ms)
Completed 200 OK in 204ms (Views: 201.6ms | ActiveRecord: 1.0ms)


Started GET "/users" for 127.0.0.1 at 2015-02-07 13:26:11 +0100
Processing by UsersController#index as HTML
  [1m[36mUser Load (0.6ms)[0m  [1mSELECT "users".* FROM "users"[0m
  Rendered users/index.html.erb within layouts/application (9.4ms)
Completed 200 OK in 316ms (Views: 313.7ms | ActiveRecord: 0.6ms)


Started GET "/users/1/edit" for 127.0.0.1 at 2015-02-07 13:26:34 +0100
Processing by UsersController#edit as HTML
  Parameters: {"id"=>"1"}
  [1m[35mUser Load (0.2ms)[0m  SELECT  "users".* FROM "users" WHERE "users"."id" = ? LIMIT 1  [["id", 1]]
  Rendered users/_form.html.erb (45.9ms)
  Rendered users/edit.html.erb within layouts/application (69.9ms)
Completed 200 OK in 356ms (Views: 354.2ms | ActiveRecord: 0.2ms)


Started PATCH "/users/1" for 127.0.0.1 at 2015-02-07 13:26:37 +0100
Processing by UsersController#update as HTML
  Parameters: {"utf8"=>"✓", "authenticity_token"=>"xaORyZpMPgwd2As7nKvvq+/HxQKRuTkX7vViDa6A07nYImTQn8ggV4T9yykQVrjMZgaOjZOE9xdEbqymEcgs2A==", "user"=>{"name"=>"da"}, "commit"=>"Update User", "id"=>"1"}
  [1m[36mUser Load (0.4ms)[0m  [1mSELECT  "users".* FROM "users" WHERE "users"."id" = ? LIMIT 1[0m  [["id", 1]]
  [1m[35m (0.2ms)[0m  begin transaction
  [1m[36m (0.2ms)[0m  [1mcommit transaction[0m
Redirected to http://localhost:3000/users/1
Completed 302 Found in 9ms (ActiveRecord: 0.8ms)


Started GET "/users/1" for 127.0.0.1 at 2015-02-07 13:26:37 +0100
Processing by UsersController#show as HTML
  Parameters: {"id"=>"1"}
  [1m[35mUser Load (0.3ms)[0m  SELECT  "users".* FROM "users" WHERE "users"."id" = ? LIMIT 1  [["id", 1]]
  Rendered users/show.html.erb within layouts/application (1.9ms)
Completed 200 OK in 156ms (Views: 153.3ms | ActiveRecord: 0.3ms)


Started GET "/users" for 127.0.0.1 at 2015-02-07 13:26:40 +0100
Processing by UsersController#index as HTML
  [1m[36mUser Load (0.2ms)[0m  [1mSELECT "users".* FROM "users"[0m
  Rendered users/index.html.erb within layouts/application (1.8ms)
Completed 200 OK in 188ms (Views: 186.6ms | ActiveRecord: 0.2ms)


Started GET "/users" for 127.0.0.1 at 2015-02-07 13:27:02 +0100
Processing by UsersController#index as HTML
  [1m[35mUser Load (0.2ms)[0m  SELECT "users".* FROM "users"
  Rendered users/index.html.erb within layouts/application (10.7ms)
Completed 200 OK in 252ms (Views: 250.8ms | ActiveRecord: 0.2ms)


Started GET "/users/new" for 127.0.0.1 at 2015-02-07 13:27:05 +0100
Processing by UsersController#new as HTML
  Rendered users/_form.html.erb (6.6ms)
  Rendered users/new.html.erb within layouts/application (12.6ms)
Completed 200 OK in 225ms (Views: 221.6ms | ActiveRecord: 0.0ms)


Started POST "/users" for 127.0.0.1 at 2015-02-07 13:27:09 +0100
Processing by UsersController#create as HTML
  Parameters: {"utf8"=>"✓", "authenticity_token"=>"PxhfPc5YD1se5sq99CUHhafEIyJ1PeTBAs1EmmcMAHYimaoky9wRAIfDCq942FDiLgVorXcAKsGoVoox2ET/Fw==", "user"=>{"name"=>"aaaaa"}, "commit"=>"Create User"}
  [1m[36m (0.1ms)[0m  [1mbegin transaction[0m
  [1m[35mSQL (0.7ms)[0m  INSERT INTO "users" ("name", "created_at", "updated_at") VALUES (?, ?, ?)  [["name", "aaaaa"], ["created_at", "2015-02-07 12:27:09.542598"], ["updated_at", "2015-02-07 12:27:09.542598"]]
  [1m[36m (12.0ms)[0m  [1mcommit transaction[0m
Redirected to http://localhost:3000/users/2
Completed 302 Found in 30ms (ActiveRecord: 12.9ms)


Started GET "/users/2" for 127.0.0.1 at 2015-02-07 13:27:10 +0100
Processing by UsersController#show as HTML
  Parameters: {"id"=>"2"}
  [1m[35mUser Load (0.5ms)[0m  SELECT  "users".* FROM "users" WHERE "users"."id" = ? LIMIT 1  [["id", 2]]
  Rendered users/show.html.erb within layouts/application (2.0ms)
Completed 200 OK in 207ms (Views: 203.5ms | ActiveRecord: 0.5ms)


Started GET "/users" for 127.0.0.1 at 2015-02-07 13:27:12 +0100
Processing by UsersController#index as HTML
  [1m[36mUser Load (0.2ms)[0m  [1mSELECT "users".* FROM "users"[0m
  Rendered users/index.html.erb within layouts/application (2.6ms)
Completed 200 OK in 188ms (Views: 187.1ms | ActiveRecord: 0.2ms)


Started GET "/posts" for 127.0.0.1 at 2015-02-07 13:27:37 +0100
Processing by PostsController#index as HTML
  [1m[35mPost Load (0.5ms)[0m  SELECT "posts".* FROM "posts"
  Rendered posts/index.html.erb within layouts/application (4.3ms)
Completed 200 OK in 97ms (Views: 95.8ms | ActiveRecord: 0.5ms)
