  [1m[36m (4.4ms)[0m  [1mCREATE TABLE "schema_migrations" ("version" varchar NOT NULL) [0m
  [1m[35m (0.1ms)[0m  select sqlite_version(*)
  [1m[36m (2.8ms)[0m  [1mCREATE UNIQUE INDEX "unique_schema_migrations" ON "schema_migrations" ("version")[0m
  [1m[35mActiveRecord::SchemaMigration Load (0.2ms)[0m  SELECT "schema_migrations".* FROM "schema_migrations"
Migrating to CreatePosts (20150206173533)
  [1m[36m (0.1ms)[0m  [1mbegin transaction[0m
  [1m[35m (0.5ms)[0m  CREATE TABLE "posts" ("id" INTEGER PRIMARY KEY AUTOINCREMENT NOT NULL, "title" varchar, "text" text, "created_at" datetime NOT NULL, "updated_at" datetime NOT NULL) 
  [1m[36mSQL (0.2ms)[0m  [1mINSERT INTO "schema_migrations" ("version") VALUES (?)[0m  [["version", "20150206173533"]]
  [1m[35m (2.8ms)[0m  commit transaction
Migrating to CreateComments (20150206173612)
  [1m[36m (0.1ms)[0m  [1mbegin transaction[0m
  [1m[35m (0.5ms)[0m  CREATE TABLE "comments" ("id" INTEGER PRIMARY KEY AUTOINCREMENT NOT NULL, "post_id" integer, "text" text, "created_at" datetime NOT NULL, "updated_at" datetime NOT NULL) 
  [1m[36mSQL (0.1ms)[0m  [1mINSERT INTO "schema_migrations" ("version") VALUES (?)[0m  [["version", "20150206173612"]]
  [1m[35m (2.3ms)[0m  commit transaction
  [1m[36mActiveRecord::SchemaMigration Load (0.1ms)[0m  [1mSELECT "schema_migrations".* FROM "schema_migrations"[0m


Started GET "/" for 127.0.0.1 at 2015-02-06 18:36:46 +0100
  [1m[36mActiveRecord::SchemaMigration Load (0.2ms)[0m  [1mSELECT "schema_migrations".* FROM "schema_migrations"[0m
Processing by Rails::WelcomeController#index as HTML
  Rendered /usr/local/lib/ruby/gems/2.1.0/gems/railties-4.2.0/lib/rails/templates/rails/welcome/index.html.erb (2.6ms)
Completed 200 OK in 26ms (Views: 10.6ms | ActiveRecord: 0.0ms)


Started GET "/posts" for 127.0.0.1 at 2015-02-06 18:36:59 +0100
Processing by PostsController#index as HTML
  [1m[35mPost Load (0.3ms)[0m  SELECT "posts".* FROM "posts"
  Rendered posts/index.html.erb within layouts/application (6.1ms)
Completed 200 OK in 1153ms (Views: 1147.5ms | ActiveRecord: 0.4ms)


Started GET "/assets/posts-64e62ddc273c2f5847f30d698ca14b67.css?body=1" for 127.0.0.1 at 2015-02-06 18:37:01 +0100


Started GET "/assets/scaffolds-3e9109a15a3e89c89a39eef3d02b2eca.css?body=1" for 127.0.0.1 at 2015-02-06 18:37:01 +0100


Started GET "/assets/posts-fcec5b5a277ac7c20cc9f45a209a3bcd.js?body=1" for 127.0.0.1 at 2015-02-06 18:37:01 +0100


Started GET "/assets/turbolinks-da8ddad9c2c5483d4c5c30c1ce325253.js?body=1" for 127.0.0.1 at 2015-02-06 18:37:01 +0100


Started GET "/assets/jquery_ujs-e27bd20a10d28155845a22d71ef94f2f.js?body=1" for 127.0.0.1 at 2015-02-06 18:37:01 +0100


Started GET "/assets/jquery-87424c3c19e96d4fb033c10ebe21ec40.js?body=1" for 127.0.0.1 at 2015-02-06 18:37:01 +0100


Started GET "/assets/application-ab2a69cdc1a0528e92f6b03afe3c1a08.css?body=1" for 127.0.0.1 at 2015-02-06 18:37:01 +0100


Started GET "/assets/application-79e1233a68e5fdd328d8a2ea17ddef8a.js?body=1" for 127.0.0.1 at 2015-02-06 18:37:01 +0100


Started GET "/posts/new" for 127.0.0.1 at 2015-02-06 18:37:14 +0100
Processing by PostsController#new as HTML
  Rendered posts/_form.html.erb (28.2ms)
  Rendered posts/new.html.erb within layouts/application (40.3ms)
Completed 200 OK in 136ms (Views: 123.2ms | ActiveRecord: 0.6ms)


Started POST "/posts" for 127.0.0.1 at 2015-02-06 18:37:21 +0100
Processing by PostsController#create as HTML
  Parameters: {"utf8"=>"✓", "authenticity_token"=>"tbT4WWZCppcQcElGW9CCxabtWxcjxDJZ8Dogslm+KuQRZv3ytFolIvmHzdU6st6Z9GpYiqQG/Ohwg+EuJHFpVg==", "post"=>{"title"=>"royce d", "text"=>"a"}, "commit"=>"Create Post"}
  [1m[36m (0.2ms)[0m  [1mbegin transaction[0m
  [1m[35mSQL (0.5ms)[0m  INSERT INTO "posts" ("title", "text", "created_at", "updated_at") VALUES (?, ?, ?, ?)  [["title", "royce d"], ["text", "a"], ["created_at", "2015-02-06 17:37:21.028184"], ["updated_at", "2015-02-06 17:37:21.028184"]]
  [1m[36m (5.4ms)[0m  [1mcommit transaction[0m
Redirected to http://localhost:3000/posts/1
Completed 302 Found in 15ms (ActiveRecord: 6.0ms)


Started GET "/posts/1" for 127.0.0.1 at 2015-02-06 18:37:21 +0100
Processing by PostsController#show as HTML
  Parameters: {"id"=>"1"}
  [1m[35mPost Load (0.2ms)[0m  SELECT  "posts".* FROM "posts" WHERE "posts"."id" = ? LIMIT 1  [["id", 1]]
  Rendered posts/show.html.erb within layouts/application (1.0ms)
Completed 200 OK in 93ms (Views: 79.7ms | ActiveRecord: 0.2ms)


Started GET "/posts/" for 127.0.0.1 at 2015-02-06 18:40:48 +0100
  [1m[36mActiveRecord::SchemaMigration Load (0.2ms)[0m  [1mSELECT "schema_migrations".* FROM "schema_migrations"[0m
Processing by PostsController#index as HTML
  [1m[35mPost Load (0.3ms)[0m  SELECT "posts".* FROM "posts"
  Rendered posts/index.html.erb within layouts/application (9.1ms)
Completed 200 OK in 190ms (Views: 175.0ms | ActiveRecord: 0.8ms)


Started GET "/posts/1" for 127.0.0.1 at 2015-02-06 18:40:59 +0100
Processing by PostsController#show as HTML
  Parameters: {"id"=>"1"}
  [1m[36mPost Load (0.5ms)[0m  [1mSELECT  "posts".* FROM "posts" WHERE "posts"."id" = ? LIMIT 1[0m  [["id", 1]]
  Rendered posts/show.html.erb within layouts/application (1.3ms)
Completed 200 OK in 135ms (Views: 72.4ms | ActiveRecord: 0.5ms)


Started GET "/posts/" for 127.0.0.1 at 2015-02-06 18:42:22 +0100
  [1m[36mActiveRecord::SchemaMigration Load (0.1ms)[0m  [1mSELECT "schema_migrations".* FROM "schema_migrations"[0m
Processing by PostsController#index as HTML
  [1m[35mPost Load (0.2ms)[0m  SELECT "posts".* FROM "posts"
  Rendered posts/index.html.erb within layouts/application (7.2ms)
Completed 200 OK in 135ms (Views: 120.3ms | ActiveRecord: 0.5ms)


Started GET "/posts/1" for 127.0.0.1 at 2015-02-06 18:42:24 +0100
Processing by PostsController#show as HTML
  Parameters: {"id"=>"1"}
  [1m[36mPost Load (0.2ms)[0m  [1mSELECT  "posts".* FROM "posts" WHERE "posts"."id" = ? LIMIT 1[0m  [["id", 1]]
  Rendered posts/show.html.erb within layouts/application (0.8ms)
Completed 200 OK in 96ms (Views: 52.8ms | ActiveRecord: 0.2ms)


Started GET "/posts/" for 127.0.0.1 at 2015-02-06 18:44:13 +0100
  [1m[36mActiveRecord::SchemaMigration Load (0.1ms)[0m  [1mSELECT "schema_migrations".* FROM "schema_migrations"[0m
Processing by PostsController#index as HTML
  [1m[35mPost Load (0.2ms)[0m  SELECT "posts".* FROM "posts"
  Rendered posts/index.html.erb within layouts/application (15.2ms)
Completed 200 OK in 144ms (Views: 128.8ms | ActiveRecord: 0.7ms)


Started GET "/posts/" for 127.0.0.1 at 2015-02-06 18:45:16 +0100
Processing by PostsController#index as HTML
  [1m[36mPost Load (0.2ms)[0m  [1mSELECT "posts".* FROM "posts"[0m
  Rendered posts/index.html.erb within layouts/application (5.1ms)
Completed 200 OK in 70ms (Views: 69.1ms | ActiveRecord: 0.2ms)


Started GET "/posts/new" for 127.0.0.1 at 2015-02-06 18:45:30 +0100
Processing by PostsController#new as HTML
  Rendered posts/_form.html.erb (17.8ms)
  Rendered posts/new.html.erb within layouts/application (23.1ms)
Completed 200 OK in 107ms (Views: 106.7ms | ActiveRecord: 0.0ms)


Started POST "/posts" for 127.0.0.1 at 2015-02-06 18:45:36 +0100
Processing by PostsController#create as HTML
  Parameters: {"utf8"=>"✓", "authenticity_token"=>"XfVSH5V5ZHmJAqhLR6LCr6w7rFEYD9Jc6JGODxf7Pmn5J1e0R2HnzGD1LNgmwJ7z/ryvzJ/NHO1oKE+TajR92w==", "post"=>{"title"=>"bb", "text"=>"helool"}, "commit"=>"Create Post"}
  [1m[35m (0.3ms)[0m  begin transaction
  [1m[36mSQL (0.8ms)[0m  [1mINSERT INTO "posts" ("title", "text", "created_at", "updated_at") VALUES (?, ?, ?, ?)[0m  [["title", "bb"], ["text", "helool"], ["created_at", "2015-02-06 17:45:36.858804"], ["updated_at", "2015-02-06 17:45:36.858804"]]
  [1m[35m (9.4ms)[0m  commit transaction
Redirected to http://localhost:3000/posts/2
Completed 302 Found in 20ms (ActiveRecord: 10.5ms)


Started GET "/posts/2" for 127.0.0.1 at 2015-02-06 18:45:36 +0100
Processing by PostsController#show as HTML
  Parameters: {"id"=>"2"}
  [1m[36mPost Load (0.2ms)[0m  [1mSELECT  "posts".* FROM "posts" WHERE "posts"."id" = ? LIMIT 1[0m  [["id", 2]]
  Rendered posts/show.html.erb within layouts/application (1.4ms)
Completed 200 OK in 102ms (Views: 92.8ms | ActiveRecord: 0.2ms)


Started GET "/posts/" for 127.0.0.1 at 2015-02-06 18:45:42 +0100
Processing by PostsController#index as HTML
  [1m[35mPost Load (0.2ms)[0m  SELECT "posts".* FROM "posts"
  Rendered posts/index.html.erb within layouts/application (2.6ms)
Completed 200 OK in 98ms (Views: 96.6ms | ActiveRecord: 0.2ms)


Started GET "/posts/" for 127.0.0.1 at 2015-02-06 18:48:55 +0100
Processing by PostsController#index as HTML
  [1m[36mPost Load (0.4ms)[0m  [1mSELECT "posts".* FROM "posts"[0m
  Rendered posts/index.html.erb within layouts/application (3.9ms)
Completed 200 OK in 87ms (Views: 85.5ms | ActiveRecord: 0.4ms)


Started GET "/posts/" for 127.0.0.1 at 2015-02-06 18:48:57 +0100
Processing by PostsController#index as HTML
  [1m[35mPost Load (0.2ms)[0m  SELECT "posts".* FROM "posts"
  Rendered posts/index.html.erb within layouts/application (8.7ms)
Completed 200 OK in 141ms (Views: 140.1ms | ActiveRecord: 0.2ms)


Started GET "/posts/new" for 127.0.0.1 at 2015-02-06 18:49:10 +0100
Processing by PostsController#new as HTML
  Rendered posts/_form.html.erb (1.4ms)
  Rendered posts/new.html.erb within layouts/application (2.8ms)
Completed 200 OK in 85ms (Views: 84.8ms | ActiveRecord: 0.0ms)


Started POST "/posts" for 127.0.0.1 at 2015-02-06 18:49:13 +0100
Processing by PostsController#create as HTML
  Parameters: {"utf8"=>"✓", "authenticity_token"=>"0ED32vn5ERJqR4EcICSJTZC+igO3Z02YLhu7jz3u3c10kvJxK+GSp4OwBY9BRtURwjmJnjClgymuonoTQCGefw==", "post"=>{"title"=>"aaa", "text"=>"aaa"}, "commit"=>"Create Post"}
  [1m[36m (0.3ms)[0m  [1mbegin transaction[0m
  [1m[35mSQL (0.3ms)[0m  INSERT INTO "posts" ("title", "text", "created_at", "updated_at") VALUES (?, ?, ?, ?)  [["title", "aaa"], ["text", "aaa"], ["created_at", "2015-02-06 17:49:13.425702"], ["updated_at", "2015-02-06 17:49:13.425702"]]
  [1m[36m (3.4ms)[0m  [1mcommit transaction[0m
Redirected to http://localhost:3000/posts/3
Completed 302 Found in 8ms (ActiveRecord: 4.0ms)


Started GET "/posts/3" for 127.0.0.1 at 2015-02-06 18:49:13 +0100
Processing by PostsController#show as HTML
  Parameters: {"id"=>"3"}
  [1m[35mPost Load (0.1ms)[0m  SELECT  "posts".* FROM "posts" WHERE "posts"."id" = ? LIMIT 1  [["id", 3]]
  Rendered posts/show.html.erb within layouts/application (6.8ms)
Completed 500 Internal Server Error in 10ms

ActionView::Template::Error (undefined method `tet' for #<Post:0xb5c58324>):
    1: <h1><%= @post.title %></h1>
    2: 
    3: <%= @post.tet %>
    4: 
    5: <p>
    6: <% link_to "Back" , posts_path %>
  app/views/posts/show.html.erb:3:in `_app_views_posts_show_html_erb__391640130__622626778'


  Rendered /usr/local/lib/ruby/gems/2.1.0/gems/web-console-2.0.0/lib/action_dispatch/templates/rescues/_source.erb (9.8ms)
  Rendered /usr/local/lib/ruby/gems/2.1.0/gems/web-console-2.0.0/lib/action_dispatch/templates/rescues/_trace.html.erb (4.1ms)
  Rendered /usr/local/lib/ruby/gems/2.1.0/gems/web-console-2.0.0/lib/action_dispatch/templates/rescues/_request_and_response.html.erb (1.5ms)
  Rendered /usr/local/lib/ruby/gems/2.1.0/gems/web-console-2.0.0/lib/action_dispatch/templates/rescues/_web_console.html.erb (1.0ms)
  Rendered /usr/local/lib/ruby/gems/2.1.0/gems/web-console-2.0.0/lib/action_dispatch/templates/rescues/template_error.html.erb within rescues/layout (38.4ms)


Started GET "/posts/" for 127.0.0.1 at 2015-02-06 18:51:45 +0100
Processing by PostsController#index as HTML
  [1m[36mPost Load (0.3ms)[0m  [1mSELECT "posts".* FROM "posts"[0m
  Rendered posts/index.html.erb within layouts/application (3.1ms)
Completed 200 OK in 80ms (Views: 79.1ms | ActiveRecord: 0.3ms)


Started GET "/posts/" for 127.0.0.1 at 2015-02-06 18:53:29 +0100
Processing by PostsController#index as HTML
  [1m[35mPost Load (0.8ms)[0m  SELECT "posts".* FROM "posts"
  Rendered posts/index.html.erb within layouts/application (9.1ms)
Completed 200 OK in 94ms (Views: 84.8ms | ActiveRecord: 1.3ms)


Started GET "/posts/3" for 127.0.0.1 at 2015-02-06 18:53:31 +0100
Processing by PostsController#show as HTML
  Parameters: {"id"=>"3"}
  [1m[36mPost Load (0.3ms)[0m  [1mSELECT  "posts".* FROM "posts" WHERE "posts"."id" = ? LIMIT 1[0m  [["id", 3]]
  [1m[35mComment Load (0.3ms)[0m  SELECT "comments".* FROM "comments" WHERE "comments"."post_id" = ?  [["post_id", 3]]
  Rendered posts/show.html.erb within layouts/application (20.8ms)
Completed 200 OK in 69ms (Views: 66.6ms | ActiveRecord: 0.8ms)


Started DELETE "/posts/3" for 127.0.0.1 at 2015-02-06 18:53:32 +0100
Processing by PostsController#destroy as HTML
  Parameters: {"authenticity_token"=>"5PIr0y/pLSqMsRNDZ/O20xiAKKFlqKczLPZWsABih7xAIC54/fGun2VGl9AGkeqPSgcrPOJqaYKsT5csfa3EDg==", "id"=>"3"}
  [1m[36mPost Load (0.1ms)[0m  [1mSELECT  "posts".* FROM "posts" WHERE "posts"."id" = ? LIMIT 1[0m  [["id", 3]]
  [1m[35m (0.1ms)[0m  begin transaction
  [1m[36mSQL (0.3ms)[0m  [1mDELETE FROM "posts" WHERE "posts"."id" = ?[0m  [["id", 3]]
  [1m[35m (8.3ms)[0m  commit transaction
Redirected to http://localhost:3000/posts
Completed 302 Found in 12ms (ActiveRecord: 8.8ms)


Started GET "/posts" for 127.0.0.1 at 2015-02-06 18:53:32 +0100
Processing by PostsController#index as HTML
  [1m[36mPost Load (0.3ms)[0m  [1mSELECT "posts".* FROM "posts"[0m
  Rendered posts/index.html.erb within layouts/application (1.9ms)
Completed 200 OK in 88ms (Views: 87.2ms | ActiveRecord: 0.3ms)


Started GET "/posts/2" for 127.0.0.1 at 2015-02-06 19:01:43 +0100

NoMethodError (undefined method `ressources' for #<ActionDispatch::Routing::Mapper:0xb4cec2b4>):
  config/routes.rb:3:in `block (2 levels) in <top (required)>'
  config/routes.rb:2:in `block in <top (required)>'
  config/routes.rb:1:in `<top (required)>'


  Rendered /usr/local/lib/ruby/gems/2.1.0/gems/web-console-2.0.0/lib/action_dispatch/templates/rescues/_source.erb (14.9ms)
  Rendered /usr/local/lib/ruby/gems/2.1.0/gems/web-console-2.0.0/lib/action_dispatch/templates/rescues/_trace.html.erb (14.0ms)
  Rendered /usr/local/lib/ruby/gems/2.1.0/gems/web-console-2.0.0/lib/action_dispatch/templates/rescues/_request_and_response.html.erb (5.2ms)
  Rendered /usr/local/lib/ruby/gems/2.1.0/gems/web-console-2.0.0/lib/action_dispatch/templates/rescues/_web_console.html.erb (5.4ms)
  Rendered /usr/local/lib/ruby/gems/2.1.0/gems/web-console-2.0.0/lib/action_dispatch/templates/rescues/diagnostics.html.erb within rescues/layout (108.2ms)


Started GET "/posts/2" for 127.0.0.1 at 2015-02-06 19:02:05 +0100

NoMethodError (undefined method `ressources' for #<ActionDispatch::Routing::Mapper:0xba737124>):
  config/routes.rb:3:in `block (2 levels) in <top (required)>'
  config/routes.rb:2:in `block in <top (required)>'
  config/routes.rb:1:in `<top (required)>'


  Rendered /usr/local/lib/ruby/gems/2.1.0/gems/web-console-2.0.0/lib/action_dispatch/templates/rescues/_source.erb (40.9ms)
  Rendered /usr/local/lib/ruby/gems/2.1.0/gems/web-console-2.0.0/lib/action_dispatch/templates/rescues/_trace.html.erb (15.7ms)
  Rendered /usr/local/lib/ruby/gems/2.1.0/gems/web-console-2.0.0/lib/action_dispatch/templates/rescues/_request_and_response.html.erb (14.4ms)
  Rendered /usr/local/lib/ruby/gems/2.1.0/gems/web-console-2.0.0/lib/action_dispatch/templates/rescues/_web_console.html.erb (20.6ms)
  Rendered /usr/local/lib/ruby/gems/2.1.0/gems/web-console-2.0.0/lib/action_dispatch/templates/rescues/diagnostics.html.erb within rescues/layout (225.6ms)
